
  .   ____          _            __ _ _
 /\\ / ___'_ __ _ _(_)_ __  __ _ \ \ \ \
( ( )\___ | '_ | '_| | '_ \/ _` | \ \ \ \
 \\/  ___)| |_)| | | | | || (_| |  ) ) ) )
  '  |____| .__|_| |_|_| |_\__, | / / / /
 =========|_|==============|___/=/_/_/_/
 :: Spring Boot ::                (v3.2.5)

2026-06-06T23:01:30.851+05:30  INFO 22946 --- [           main] com.todo.TodoApplication                 : Starting TodoApplication v1.0.0 using Java 17.0.12 with PID 22946 (/Users/asiff/Documents/varma_project/code/backend/target/todo-backend-1.0.0.jar started by asiff in /Users/asiff/Documents/varma_project/code/backend)
2026-06-06T23:01:30.855+05:30  INFO 22946 --- [           main] com.todo.TodoApplication                 : No active profile set, falling back to 1 default profile: "default"
2026-06-06T23:01:31.804+05:30  INFO 22946 --- [           main] .s.d.r.c.RepositoryConfigurationDelegate : Bootstrapping Spring Data JPA repositories in DEFAULT mode.
2026-06-06T23:01:31.870+05:30  INFO 22946 --- [           main] .s.d.r.c.RepositoryConfigurationDelegate : Finished Spring Data repository scanning in 60 ms. Found 14 JPA repository interfaces.
2026-06-06T23:01:32.463+05:30  INFO 22946 --- [           main] o.s.b.w.embedded.tomcat.TomcatWebServer  : Tomcat initialized with port 8080 (http)
2026-06-06T23:01:32.473+05:30  INFO 22946 --- [           main] o.apache.catalina.core.StandardService   : Starting service [Tomcat]
2026-06-06T23:01:32.473+05:30  INFO 22946 --- [           main] o.apache.catalina.core.StandardEngine    : Starting Servlet engine: [Apache Tomcat/10.1.20]
2026-06-06T23:01:32.504+05:30  INFO 22946 --- [           main] o.a.c.c.C.[Tomcat].[localhost].[/]       : Initializing Spring embedded WebApplicationContext
2026-06-06T23:01:32.505+05:30  INFO 22946 --- [           main] w.s.c.ServletWebServerApplicationContext : Root WebApplicationContext: initialization completed in 1566 ms
2026-06-06T23:01:32.556+05:30  INFO 22946 --- [           main] com.zaxxer.hikari.HikariDataSource       : HikariPool-1 - Starting...
2026-06-06T23:01:32.877+05:30  INFO 22946 --- [           main] com.zaxxer.hikari.pool.HikariPool        : HikariPool-1 - Added connection conn0: url=jdbc:h2:file:./data/tododb user=SA
2026-06-06T23:01:32.880+05:30  INFO 22946 --- [           main] com.zaxxer.hikari.HikariDataSource       : HikariPool-1 - Start completed.
2026-06-06T23:01:32.892+05:30  INFO 22946 --- [           main] o.s.b.a.h2.H2ConsoleAutoConfiguration    : H2 console available at '/h2-console'. Database available at 'jdbc:h2:file:./data/tododb'
2026-06-06T23:01:33.038+05:30  INFO 22946 --- [           main] o.hibernate.jpa.internal.util.LogHelper  : HHH000204: Processing PersistenceUnitInfo [name: default]
2026-06-06T23:01:33.120+05:30  INFO 22946 --- [           main] org.hibernate.Version                    : HHH000412: Hibernate ORM core version 6.4.4.Final
2026-06-06T23:01:33.159+05:30  INFO 22946 --- [           main] o.h.c.internal.RegionFactoryInitiator    : HHH000026: Second-level cache disabled
2026-06-06T23:01:33.491+05:30  INFO 22946 --- [           main] o.s.o.j.p.SpringPersistenceUnitInfo      : No LoadTimeWeaver setup: ignoring JPA class transformer
2026-06-06T23:01:33.560+05:30  WARN 22946 --- [           main] org.hibernate.orm.deprecation            : HHH90000025: H2Dialect does not need to be specified explicitly using 'hibernate.dialect' (remove the property setting and it will be selected by default)
2026-06-06T23:01:35.622+05:30  INFO 22946 --- [           main] o.h.e.t.j.p.i.JtaPlatformInitiator       : HHH000489: No JTA platform available (set 'hibernate.transaction.jta.platform' to enable JTA platform integration)
Hibernate: create table announcements (id bigint generated by default as identity, active boolean not null, content varchar(2000) not null, created_at timestamp(6) not null, title varchar(255) not null, updated_at timestamp(6) not null, primary key (id))
Hibernate: create table feature_flags (id bigint generated by default as identity, created_at timestamp(6) not null, enabled_globally boolean not null, feature_name varchar(255) not null check (feature_name in ('NOTES_MODULE','JOURNAL_MODULE','HABITS_MODULE','DARK_MODE','AI_INSIGHTS','CALENDAR_INTEGRATION')), updated_at timestamp(6) not null, primary key (id))
Hibernate: create table goals (id bigint generated by default as identity, achieved boolean not null, created_at timestamp(6) not null, description varchar(1000), goal_type varchar(255) not null check (goal_type in ('SHORT_TERM','LONG_TERM','DAILY','WEEKLY','MONTHLY','YEARLY','LIFETIME')), progress float(53) not null, status varchar(255) not null check (status in ('PENDING','IN_PROGRESS','COMPLETED')), target_date date, title varchar(255) not null, updated_at timestamp(6) not null, user_id bigint not null, vision_id bigint not null, primary key (id))
Hibernate: create table habit_achievements (id bigint generated by default as identity, achievement_type varchar(255) not null, earned_at timestamp(6) not null, habit_id bigint not null, primary key (id))
Hibernate: create table habit_logs (id bigint generated by default as identity, created_at timestamp(6) not null, date date not null, notes varchar(1000), skip_reason varchar(255), status varchar(255) not null check (status in ('NONE','COMPLETED','SKIPPED')), habit_id bigint not null, primary key (id))
Hibernate: create table habits (id bigint generated by default as identity, best_streak integer not null, completion_rate float(53) not null, created_at timestamp(6) not null, days_active integer not null, frequency varchar(255) not null check (frequency in ('DAILY','WEEKLY')), health_score float(53) not null, purpose varchar(500), start_date date, streak integer not null, title varchar(255) not null, updated_at timestamp(6) not null, user_id bigint not null, primary key (id))
Hibernate: create table journal_entries (id bigint generated by default as identity, content CLOB, created_at timestamp(6) not null, entry_type varchar(255) not null check (entry_type in ('DAILY_LOG','REFLECTION','GRATITUDE','IDEA','LESSON_LEARNED')), mood varchar(255), title varchar(255) not null, updated_at timestamp(6) not null, user_id bigint not null, primary key (id))
Hibernate: create table notes (id bigint generated by default as identity, content CLOB, created_at timestamp(6) not null, title varchar(255) not null, updated_at timestamp(6) not null, user_id bigint not null, primary key (id))
Hibernate: create table refresh_tokens (id bigint generated by default as identity, expiry_date timestamp(6) with time zone not null, token varchar(255) not null, user_id bigint not null, primary key (id))
Hibernate: create table tasks (id bigint generated by default as identity, created_at timestamp(6) not null, description varchar(1000), due_date date, priority varchar(255) not null check (priority in ('LOW','MEDIUM','HIGH','CRITICAL')), progress float(53), status varchar(255) not null check (status in ('PENDING','IN_PROGRESS','COMPLETED')), tags varchar(1000), title varchar(255) not null, updated_at timestamp(6) not null, goal_id bigint, user_id bigint not null, primary key (id))
Hibernate: create table user_feature_overrides (id bigint generated by default as identity, created_at timestamp(6) not null, enabled boolean not null, feature_name varchar(255) not null check (feature_name in ('NOTES_MODULE','JOURNAL_MODULE','HABITS_MODULE','DARK_MODE','AI_INSIGHTS','CALENDAR_INTEGRATION')), updated_at timestamp(6) not null, user_id bigint not null, primary key (id))
Hibernate: create table users (id bigint generated by default as identity, created_at timestamp(6) not null, email varchar(255) not null, enabled boolean not null, password varchar(255) not null, role varchar(255) not null check (role in ('USER','ADMIN')), updated_at timestamp(6) not null, username varchar(255) not null, primary key (id))
Hibernate: create table visions (id bigint generated by default as identity, achieved boolean not null, created_at timestamp(6) not null, description varchar(1000), progress float(53) not null, status varchar(255) not null check (status in ('PENDING','IN_PROGRESS','COMPLETED')), target_date date, title varchar(255) not null, updated_at timestamp(6) not null, vision_type varchar(255) not null check (vision_type in ('LIFE','CAREER','HEALTH','FINANCE','BUSINESS','LEARNING','RELATIONSHIP')), user_id bigint not null, primary key (id))
Hibernate: alter table if exists feature_flags drop constraint if exists UK_2o4e6ne2aeiily8xlymvvydb8
Hibernate: alter table if exists feature_flags add constraint UK_2o4e6ne2aeiily8xlymvvydb8 unique (feature_name)
Hibernate: alter table if exists habit_logs drop constraint if exists UKstnovr6ov9vf1dxq8d69opv76
Hibernate: alter table if exists habit_logs add constraint UKstnovr6ov9vf1dxq8d69opv76 unique (habit_id, date)
Hibernate: alter table if exists refresh_tokens drop constraint if exists UK_ghpmfn23vmxfu3spu3lfg4r2d
Hibernate: alter table if exists refresh_tokens add constraint UK_ghpmfn23vmxfu3spu3lfg4r2d unique (token)
Hibernate: alter table if exists refresh_tokens drop constraint if exists UK_7tdcd6ab5wsgoudnvj7xf1b7l
Hibernate: alter table if exists refresh_tokens add constraint UK_7tdcd6ab5wsgoudnvj7xf1b7l unique (user_id)
Hibernate: alter table if exists user_feature_overrides drop constraint if exists UKgcpts5mvvy2dneep287rwmvxb
Hibernate: alter table if exists user_feature_overrides add constraint UKgcpts5mvvy2dneep287rwmvxb unique (user_id, feature_name)
Hibernate: alter table if exists users drop constraint if exists UK_6dotkott2kjsp8vw4d0m25fb7
Hibernate: alter table if exists users add constraint UK_6dotkott2kjsp8vw4d0m25fb7 unique (email)
Hibernate: alter table if exists users drop constraint if exists UK_r43af9ap4edm43mmtq01oddj6
Hibernate: alter table if exists users add constraint UK_r43af9ap4edm43mmtq01oddj6 unique (username)
Hibernate: alter table if exists goals add constraint FKb1mp6ulyqkpcw6bc1a2mr7v1g foreign key (user_id) references users
Hibernate: alter table if exists goals add constraint FKqym62rqopceru9plsc6n8pqj4 foreign key (vision_id) references visions
Hibernate: alter table if exists habit_achievements add constraint FK1525qaffp73uyptryo7enjru5 foreign key (habit_id) references habits
Hibernate: alter table if exists habit_logs add constraint FKsoqj2dqbm162ouaydnbwb21uj foreign key (habit_id) references habits
Hibernate: alter table if exists habits add constraint FKg3n2qqwmsyv3517xdcosouk9i foreign key (user_id) references users
Hibernate: alter table if exists journal_entries add constraint FKo39gbcpt8kwv3d7qirn4uikua foreign key (user_id) references users
Hibernate: alter table if exists notes add constraint FKechaouoa6kus6k1dpix1u91c foreign key (user_id) references users
Hibernate: alter table if exists refresh_tokens add constraint FK1lih5y2npsf8u5o3vhdb9y0os foreign key (user_id) references users
Hibernate: alter table if exists tasks add constraint FKacjm73w3vfy4x7gj42hd1ltkb foreign key (goal_id) references goals
Hibernate: alter table if exists tasks add constraint FK6s1ob9k4ihi75xbxe2w0ylsdh foreign key (user_id) references users
Hibernate: alter table if exists user_feature_overrides add constraint FK6j8kg35qf2h9699fsh4jx2exs foreign key (user_id) references users
Hibernate: alter table if exists visions add constraint FK2jp8c066r5xhk5by52bg7in3v foreign key (user_id) references users
2026-06-06T23:01:35.739+05:30  INFO 22946 --- [           main] j.LocalContainerEntityManagerFactoryBean : Initialized JPA EntityManagerFactory for persistence unit 'default'
2026-06-06T23:01:36.258+05:30  INFO 22946 --- [           main] o.s.d.j.r.query.QueryEnhancerFactory     : Hibernate is in classpath; If applicable, HQL parser will be used.
2026-06-06T23:01:37.405+05:30  WARN 22946 --- [           main] JpaBaseConfiguration$JpaWebConfiguration : spring.jpa.open-in-view is enabled by default. Therefore, database queries may be performed during view rendering. Explicitly configure spring.jpa.open-in-view to disable this warning
2026-06-06T23:01:37.752+05:30  INFO 22946 --- [           main] o.s.s.web.DefaultSecurityFilterChain     : Will secure any request with [org.springframework.security.web.session.DisableEncodeUrlFilter@350cf434, org.springframework.security.web.context.request.async.WebAsyncManagerIntegrationFilter@51761e07, org.springframework.security.web.context.SecurityContextHolderFilter@5cd549ae, org.springframework.security.web.header.HeaderWriterFilter@1d26e653, org.springframework.web.filter.CorsFilter@63f16350, org.springframework.security.web.authentication.logout.LogoutFilter@3e0bbd36, com.todo.security.JwtAuthenticationFilter@30bd6bc8, org.springframework.security.web.savedrequest.RequestCacheAwareFilter@4e5c1817, org.springframework.security.web.servletapi.SecurityContextHolderAwareRequestFilter@456b4892, org.springframework.security.web.authentication.AnonymousAuthenticationFilter@4d62b6da, org.springframework.security.web.session.SessionManagementFilter@1fd0f9dd, org.springframework.security.web.access.ExceptionTranslationFilter@fca4863, org.springframework.security.web.access.intercept.AuthorizationFilter@b8df260]
2026-06-06T23:01:38.084+05:30  INFO 22946 --- [           main] o.s.b.w.embedded.tomcat.TomcatWebServer  : Tomcat started on port 8080 (http) with context path ''
2026-06-06T23:01:38.101+05:30  INFO 22946 --- [           main] com.todo.TodoApplication                 : Started TodoApplication in 7.658 seconds (process running for 8.864)
2026-06-06T23:01:38.105+05:30  INFO 22946 --- [           main] com.todo.util.SampleDataInitializer      : Initializing sample data...
Hibernate: select u1_0.id from users u1_0 where u1_0.email=? fetch first ? rows only
Hibernate: insert into users (created_at,email,enabled,password,role,updated_at,username,id) values (?,?,?,?,?,?,?,default)
2026-06-06T23:01:38.535+05:30  INFO 22946 --- [           main] com.todo.util.SampleDataInitializer      : Created default admin user: admin@example.com
Hibernate: select u1_0.id from users u1_0 where u1_0.email=? fetch first ? rows only
Hibernate: insert into users (created_at,email,enabled,password,role,updated_at,username,id) values (?,?,?,?,?,?,?,default)
2026-06-06T23:01:38.748+05:30  INFO 22946 --- [           main] com.todo.util.SampleDataInitializer      : Created default user: user@example.com
Hibernate: select u1_0.id,u1_0.created_at,u1_0.email,u1_0.enabled,u1_0.password,u1_0.role,u1_0.updated_at,u1_0.username from users u1_0 where u1_0.email=?
Hibernate: select count(*) from visions v1_0
2026-06-06T23:01:38.783+05:30  INFO 22946 --- [           main] com.todo.util.SampleDataInitializer      : Seeding test data for user: user@example.com
Hibernate: insert into visions (achieved,created_at,description,progress,status,target_date,title,updated_at,user_id,vision_type,id) values (?,?,?,?,?,?,?,?,?,?,default)
Hibernate: insert into goals (achieved,created_at,description,goal_type,progress,status,target_date,title,updated_at,user_id,vision_id,id) values (?,?,?,?,?,?,?,?,?,?,?,default)
Hibernate: insert into tasks (created_at,description,due_date,goal_id,priority,progress,status,tags,title,updated_at,user_id,id) values (?,?,?,?,?,?,?,?,?,?,?,default)
Hibernate: insert into tasks (created_at,description,due_date,goal_id,priority,progress,status,tags,title,updated_at,user_id,id) values (?,?,?,?,?,?,?,?,?,?,?,default)
Hibernate: insert into habits (best_streak,completion_rate,created_at,days_active,frequency,health_score,purpose,start_date,streak,title,updated_at,user_id,id) values (?,?,?,?,?,?,?,?,?,?,?,?,default)
Hibernate: select u1_0.id,u1_0.created_at,u1_0.email,u1_0.enabled,u1_0.password,u1_0.role,u1_0.updated_at,u1_0.username from users u1_0 where u1_0.email=?
Hibernate: select count(*) from goals g1_0
2026-06-06T23:01:38.813+05:30  INFO 22946 --- [           main] com.todo.util.SampleDataInitializer      : Seeding test data for user: admin@example.com
Hibernate: insert into visions (achieved,created_at,description,progress,status,target_date,title,updated_at,user_id,vision_type,id) values (?,?,?,?,?,?,?,?,?,?,default)
Hibernate: insert into goals (achieved,created_at,description,goal_type,progress,status,target_date,title,updated_at,user_id,vision_id,id) values (?,?,?,?,?,?,?,?,?,?,?,default)
Hibernate: insert into tasks (created_at,description,due_date,goal_id,priority,progress,status,tags,title,updated_at,user_id,id) values (?,?,?,?,?,?,?,?,?,?,?,default)
Hibernate: insert into tasks (created_at,description,due_date,goal_id,priority,progress,status,tags,title,updated_at,user_id,id) values (?,?,?,?,?,?,?,?,?,?,?,default)
Hibernate: insert into habits (best_streak,completion_rate,created_at,days_active,frequency,health_score,purpose,start_date,streak,title,updated_at,user_id,id) values (?,?,?,?,?,?,?,?,?,?,?,?,default)
2026-06-06T23:01:38.822+05:30  INFO 22946 --- [           main] com.todo.util.SampleDataInitializer      : Sample data initialization completed.
2026-06-06T23:01:45.031+05:30  INFO 22946 --- [nio-8080-exec-1] o.a.c.c.C.[Tomcat].[localhost].[/]       : Initializing Spring DispatcherServlet 'dispatcherServlet'
2026-06-06T23:01:45.032+05:30  INFO 22946 --- [nio-8080-exec-1] o.s.web.servlet.DispatcherServlet        : Initializing Servlet 'dispatcherServlet'
2026-06-06T23:01:45.039+05:30  INFO 22946 --- [nio-8080-exec-1] o.s.web.servlet.DispatcherServlet        : Completed initialization in 5 ms
Hibernate: select u1_0.id,u1_0.created_at,u1_0.email,u1_0.enabled,u1_0.password,u1_0.role,u1_0.updated_at,u1_0.username from users u1_0 where u1_0.id=?
Hibernate: select u1_0.id,u1_0.created_at,u1_0.email,u1_0.enabled,u1_0.password,u1_0.role,u1_0.updated_at,u1_0.username from users u1_0 where u1_0.id=?
Hibernate: select u1_0.id,u1_0.created_at,u1_0.email,u1_0.enabled,u1_0.password,u1_0.role,u1_0.updated_at,u1_0.username from users u1_0 where u1_0.id=?
Hibernate: select u1_0.id,u1_0.created_at,u1_0.email,u1_0.enabled,u1_0.password,u1_0.role,u1_0.updated_at,u1_0.username from users u1_0 where u1_0.id=?
Hibernate: select h1_0.id,h1_0.best_streak,h1_0.completion_rate,h1_0.created_at,h1_0.days_active,h1_0.frequency,h1_0.health_score,h1_0.purpose,h1_0.start_date,h1_0.streak,h1_0.title,h1_0.updated_at,h1_0.user_id from habits h1_0 left join users u1_0 on u1_0.id=h1_0.user_id where u1_0.username=? order by h1_0.created_at desc
Hibernate: select g1_0.id,g1_0.achieved,g1_0.created_at,g1_0.description,g1_0.goal_type,g1_0.progress,g1_0.status,g1_0.target_date,g1_0.title,g1_0.updated_at,g1_0.user_id,g1_0.vision_id from goals g1_0 left join users u1_0 on u1_0.id=g1_0.user_id where u1_0.username=? order by g1_0.created_at desc
Hibernate: select v1_0.id,v1_0.achieved,v1_0.created_at,v1_0.description,v1_0.progress,v1_0.status,v1_0.target_date,v1_0.title,v1_0.updated_at,v1_0.user_id,v1_0.vision_type from visions v1_0 left join users u1_0 on u1_0.id=v1_0.user_id where u1_0.username=? order by v1_0.created_at desc
Hibernate: select v1_0.id,v1_0.achieved,v1_0.created_at,v1_0.description,v1_0.progress,v1_0.status,v1_0.target_date,v1_0.title,v1_0.updated_at,v1_0.user_id,v1_0.vision_type from visions v1_0 where v1_0.id=?
Hibernate: select l1_0.habit_id,l1_0.id,l1_0.created_at,l1_0.date,l1_0.notes,l1_0.skip_reason,l1_0.status from habit_logs l1_0 where l1_0.habit_id=?
Hibernate: select t1_0.id,t1_0.created_at,t1_0.description,t1_0.due_date,t1_0.goal_id,t1_0.priority,t1_0.progress,t1_0.status,t1_0.tags,t1_0.title,t1_0.updated_at,t1_0.user_id from tasks t1_0 where t1_0.user_id=? and (? is null or t1_0.status=?) and (? is null or t1_0.priority=?) and (? is null or t1_0.due_date=?) and (? is null or lower(t1_0.title) like lower(('%'||?||'%')) escape '' or lower(t1_0.description) like lower(('%'||?||'%')) escape '') order by t1_0.created_at desc offset ? rows fetch first ? rows only
Hibernate: select u1_0.id,u1_0.created_at,u1_0.email,u1_0.enabled,u1_0.password,u1_0.role,u1_0.updated_at,u1_0.username from users u1_0 where u1_0.id=?
Hibernate: select u1_0.id,u1_0.created_at,u1_0.email,u1_0.enabled,u1_0.password,u1_0.role,u1_0.updated_at,u1_0.username from users u1_0 where u1_0.id=?
Hibernate: select u1_0.id,u1_0.created_at,u1_0.email,u1_0.enabled,u1_0.password,u1_0.role,u1_0.updated_at,u1_0.username from users u1_0 where u1_0.id=?
Hibernate: select v1_0.id,v1_0.achieved,v1_0.created_at,v1_0.description,v1_0.progress,v1_0.status,v1_0.target_date,v1_0.title,v1_0.updated_at,v1_0.user_id,v1_0.vision_type from visions v1_0 left join users u1_0 on u1_0.id=v1_0.user_id where u1_0.username=? order by v1_0.created_at desc
Hibernate: select h1_0.id,h1_0.best_streak,h1_0.completion_rate,h1_0.created_at,h1_0.days_active,h1_0.frequency,h1_0.health_score,h1_0.purpose,h1_0.start_date,h1_0.streak,h1_0.title,h1_0.updated_at,h1_0.user_id from habits h1_0 left join users u1_0 on u1_0.id=h1_0.user_id where u1_0.username=? order by h1_0.created_at desc
Hibernate: select l1_0.habit_id,l1_0.id,l1_0.created_at,l1_0.date,l1_0.notes,l1_0.skip_reason,l1_0.status from habit_logs l1_0 where l1_0.habit_id=?
Hibernate: select u1_0.id,u1_0.created_at,u1_0.email,u1_0.enabled,u1_0.password,u1_0.role,u1_0.updated_at,u1_0.username from users u1_0 where u1_0.id=?
Hibernate: select g1_0.id,g1_0.achieved,g1_0.created_at,g1_0.description,g1_0.goal_type,g1_0.progress,g1_0.status,g1_0.target_date,g1_0.title,g1_0.updated_at,g1_0.user_id,g1_0.vision_id from goals g1_0 left join users u1_0 on u1_0.id=g1_0.user_id where u1_0.username=? order by g1_0.created_at desc
Hibernate: select v1_0.id,v1_0.achieved,v1_0.created_at,v1_0.description,v1_0.progress,v1_0.status,v1_0.target_date,v1_0.title,v1_0.updated_at,v1_0.user_id,v1_0.vision_type from visions v1_0 where v1_0.id=?
Hibernate: select t1_0.id,t1_0.created_at,t1_0.description,t1_0.due_date,t1_0.goal_id,t1_0.priority,t1_0.progress,t1_0.status,t1_0.tags,t1_0.title,t1_0.updated_at,t1_0.user_id from tasks t1_0 where t1_0.user_id=? and (? is null or t1_0.status=?) and (? is null or t1_0.priority=?) and (? is null or t1_0.due_date=?) and (? is null or lower(t1_0.title) like lower(('%'||?||'%')) escape '' or lower(t1_0.description) like lower(('%'||?||'%')) escape '') order by t1_0.created_at desc offset ? rows fetch first ? rows only
Hibernate: select u1_0.id,u1_0.created_at,u1_0.email,u1_0.enabled,u1_0.password,u1_0.role,u1_0.updated_at,u1_0.username from users u1_0 where u1_0.id=?
Hibernate: select u1_0.id,u1_0.created_at,u1_0.email,u1_0.enabled,u1_0.password,u1_0.role,u1_0.updated_at,u1_0.username from users u1_0 where u1_0.id=?
Hibernate: select u1_0.id,u1_0.created_at,u1_0.email,u1_0.enabled,u1_0.password,u1_0.role,u1_0.updated_at,u1_0.username from users u1_0 where u1_0.id=?
Hibernate: select t1_0.id,t1_0.created_at,t1_0.description,t1_0.due_date,t1_0.goal_id,t1_0.priority,t1_0.progress,t1_0.status,t1_0.tags,t1_0.title,t1_0.updated_at,t1_0.user_id from tasks t1_0 where t1_0.user_id=? and (? is null or t1_0.status=?) and (? is null or t1_0.priority=?) and (? is null or t1_0.due_date=?) and (? is null or lower(t1_0.title) like lower(('%'||?||'%')) escape '' or lower(t1_0.description) like lower(('%'||?||'%')) escape '') order by t1_0.created_at desc offset ? rows fetch first ? rows only
Hibernate: select count(t1_0.id) from tasks t1_0 left join users u1_0 on u1_0.id=t1_0.user_id where u1_0.id=?
Hibernate: select u1_0.id,u1_0.created_at,u1_0.email,u1_0.enabled,u1_0.password,u1_0.role,u1_0.updated_at,u1_0.username from users u1_0 where u1_0.id=?
Hibernate: select u1_0.id,u1_0.created_at,u1_0.email,u1_0.enabled,u1_0.password,u1_0.role,u1_0.updated_at,u1_0.username from users u1_0 where u1_0.id=?
Hibernate: select u1_0.id,u1_0.created_at,u1_0.email,u1_0.enabled,u1_0.password,u1_0.role,u1_0.updated_at,u1_0.username from users u1_0 where u1_0.id=?
Hibernate: select a1_0.id,a1_0.active,a1_0.content,a1_0.created_at,a1_0.title,a1_0.updated_at from announcements a1_0 where a1_0.active order by a1_0.created_at desc
Hibernate: select h1_0.id,h1_0.best_streak,h1_0.completion_rate,h1_0.created_at,h1_0.days_active,h1_0.frequency,h1_0.health_score,h1_0.purpose,h1_0.start_date,h1_0.streak,h1_0.title,h1_0.updated_at,h1_0.user_id from habits h1_0 left join users u1_0 on u1_0.id=h1_0.user_id where u1_0.username=? order by h1_0.created_at desc
Hibernate: select l1_0.habit_id,l1_0.id,l1_0.created_at,l1_0.date,l1_0.notes,l1_0.skip_reason,l1_0.status from habit_logs l1_0 where l1_0.habit_id=?
Hibernate: select v1_0.id,v1_0.achieved,v1_0.created_at,v1_0.description,v1_0.progress,v1_0.status,v1_0.target_date,v1_0.title,v1_0.updated_at,v1_0.user_id,v1_0.vision_type from visions v1_0 left join users u1_0 on u1_0.id=v1_0.user_id where u1_0.username=? order by v1_0.created_at desc
Hibernate: select count(t1_0.id) from tasks t1_0 left join users u1_0 on u1_0.id=t1_0.user_id where u1_0.id=? and t1_0.status=?
Hibernate: select g1_0.id,g1_0.achieved,g1_0.created_at,g1_0.description,g1_0.goal_type,g1_0.progress,g1_0.status,g1_0.target_date,g1_0.title,g1_0.updated_at,g1_0.user_id,g1_0.vision_id from goals g1_0 left join users u1_0 on u1_0.id=g1_0.user_id where u1_0.username=? order by g1_0.created_at desc
Hibernate: select count(t1_0.id) from tasks t1_0 left join users u1_0 on u1_0.id=t1_0.user_id where u1_0.id=? and t1_0.status=?
Hibernate: select v1_0.id,v1_0.achieved,v1_0.created_at,v1_0.description,v1_0.progress,v1_0.status,v1_0.target_date,v1_0.title,v1_0.updated_at,v1_0.user_id,v1_0.vision_type from visions v1_0 where v1_0.id=?
Hibernate: select count(t1_0.id) from tasks t1_0 left join users u1_0 on u1_0.id=t1_0.user_id where u1_0.id=? and t1_0.status=?
Hibernate: select u1_0.id,u1_0.created_at,u1_0.email,u1_0.enabled,u1_0.password,u1_0.role,u1_0.updated_at,u1_0.username from users u1_0 where u1_0.id=?
Hibernate: select t1_0.id,t1_0.created_at,t1_0.description,t1_0.due_date,t1_0.goal_id,t1_0.priority,t1_0.progress,t1_0.status,t1_0.tags,t1_0.title,t1_0.updated_at,t1_0.user_id from tasks t1_0 left join users u1_0 on u1_0.id=t1_0.user_id where u1_0.id=? order by t1_0.created_at desc fetch first ? rows only
Hibernate: select t1_0.id,t1_0.created_at,t1_0.description,t1_0.due_date,t1_0.goal_id,t1_0.priority,t1_0.progress,t1_0.status,t1_0.tags,t1_0.title,t1_0.updated_at,t1_0.user_id from tasks t1_0 where t1_0.user_id=? and (? is null or t1_0.status=?) and (? is null or t1_0.priority=?) and (? is null or t1_0.due_date=?) and (? is null or lower(t1_0.title) like lower(('%'||?||'%')) escape '' or lower(t1_0.description) like lower(('%'||?||'%')) escape '') order by t1_0.created_at desc offset ? rows fetch first ? rows only
Hibernate: select v1_0.id,v1_0.achieved,v1_0.created_at,v1_0.description,v1_0.progress,v1_0.status,v1_0.target_date,v1_0.title,v1_0.updated_at,v1_0.user_id,v1_0.vision_type from visions v1_0 left join users u1_0 on u1_0.id=v1_0.user_id where u1_0.id=? order by v1_0.created_at desc
Hibernate: select u1_0.id,u1_0.created_at,u1_0.email,u1_0.enabled,u1_0.password,u1_0.role,u1_0.updated_at,u1_0.username from users u1_0 where u1_0.id=?
Hibernate: select u1_0.id,u1_0.created_at,u1_0.email,u1_0.enabled,u1_0.password,u1_0.role,u1_0.updated_at,u1_0.username from users u1_0 where u1_0.id=?
Hibernate: select u1_0.id,u1_0.created_at,u1_0.email,u1_0.enabled,u1_0.password,u1_0.role,u1_0.updated_at,u1_0.username from users u1_0 where u1_0.id=?
Hibernate: select g1_0.id,g1_0.achieved,g1_0.created_at,g1_0.description,g1_0.goal_type,g1_0.progress,g1_0.status,g1_0.target_date,g1_0.title,g1_0.updated_at,g1_0.user_id,g1_0.vision_id from goals g1_0 left join users u1_0 on u1_0.id=g1_0.user_id where u1_0.id=?
Hibernate: select h1_0.id,h1_0.best_streak,h1_0.completion_rate,h1_0.created_at,h1_0.days_active,h1_0.frequency,h1_0.health_score,h1_0.purpose,h1_0.start_date,h1_0.streak,h1_0.title,h1_0.updated_at,h1_0.user_id from habits h1_0 left join users u1_0 on u1_0.id=h1_0.user_id where u1_0.username=? order by h1_0.created_at desc
Hibernate: select l1_0.habit_id,l1_0.id,l1_0.created_at,l1_0.date,l1_0.notes,l1_0.skip_reason,l1_0.status from habit_logs l1_0 where l1_0.habit_id=?
Hibernate: select a1_0.id,a1_0.active,a1_0.content,a1_0.created_at,a1_0.title,a1_0.updated_at from announcements a1_0 where a1_0.active order by a1_0.created_at desc
Hibernate: select v1_0.id,v1_0.achieved,v1_0.created_at,v1_0.description,v1_0.progress,v1_0.status,v1_0.target_date,v1_0.title,v1_0.updated_at,v1_0.user_id,v1_0.vision_type from visions v1_0 left join users u1_0 on u1_0.id=v1_0.user_id where u1_0.username=? order by v1_0.created_at desc
Hibernate: select h1_0.id,h1_0.best_streak,h1_0.completion_rate,h1_0.created_at,h1_0.days_active,h1_0.frequency,h1_0.health_score,h1_0.purpose,h1_0.start_date,h1_0.streak,h1_0.title,h1_0.updated_at,h1_0.user_id from habits h1_0 left join users u1_0 on u1_0.id=h1_0.user_id where u1_0.id=? order by h1_0.created_at desc
Hibernate: select u1_0.id,u1_0.created_at,u1_0.email,u1_0.enabled,u1_0.password,u1_0.role,u1_0.updated_at,u1_0.username from users u1_0 where u1_0.id=?
Hibernate: select l1_0.habit_id,l1_0.id,l1_0.created_at,l1_0.date,l1_0.notes,l1_0.skip_reason,l1_0.status from habit_logs l1_0 where l1_0.habit_id=?
Hibernate: select g1_0.id,g1_0.achieved,g1_0.created_at,g1_0.description,g1_0.goal_type,g1_0.progress,g1_0.status,g1_0.target_date,g1_0.title,g1_0.updated_at,g1_0.user_id,g1_0.vision_id from goals g1_0 left join users u1_0 on u1_0.id=g1_0.user_id where u1_0.username=? order by g1_0.created_at desc
Hibernate: select count(n1_0.id) from notes n1_0 left join users u1_0 on u1_0.id=n1_0.user_id where u1_0.id=?
Hibernate: select v1_0.id,v1_0.achieved,v1_0.created_at,v1_0.description,v1_0.progress,v1_0.status,v1_0.target_date,v1_0.title,v1_0.updated_at,v1_0.user_id,v1_0.vision_type from visions v1_0 where v1_0.id=?
Hibernate: select count(je1_0.id) from journal_entries je1_0 left join users u1_0 on u1_0.id=je1_0.user_id where u1_0.id=?
Hibernate: select ff1_0.id,ff1_0.created_at,ff1_0.enabled_globally,ff1_0.feature_name,ff1_0.updated_at from feature_flags ff1_0
Hibernate: select ufo1_0.id,ufo1_0.created_at,ufo1_0.enabled,ufo1_0.feature_name,ufo1_0.updated_at,ufo1_0.user_id from user_feature_overrides ufo1_0 left join users u1_0 on u1_0.id=ufo1_0.user_id where u1_0.id=?
Hibernate: select u1_0.id,u1_0.created_at,u1_0.email,u1_0.enabled,u1_0.password,u1_0.role,u1_0.updated_at,u1_0.username from users u1_0 where u1_0.id=?
Hibernate: select count(t1_0.id) from tasks t1_0 left join users u1_0 on u1_0.id=t1_0.user_id where u1_0.id=?
Hibernate: select count(t1_0.id) from tasks t1_0 left join users u1_0 on u1_0.id=t1_0.user_id where u1_0.id=? and t1_0.status=?
Hibernate: select count(t1_0.id) from tasks t1_0 left join users u1_0 on u1_0.id=t1_0.user_id where u1_0.id=? and t1_0.status=?
Hibernate: select count(t1_0.id) from tasks t1_0 left join users u1_0 on u1_0.id=t1_0.user_id where u1_0.id=? and t1_0.status=?
Hibernate: select t1_0.id,t1_0.created_at,t1_0.description,t1_0.due_date,t1_0.goal_id,t1_0.priority,t1_0.progress,t1_0.status,t1_0.tags,t1_0.title,t1_0.updated_at,t1_0.user_id from tasks t1_0 left join users u1_0 on u1_0.id=t1_0.user_id where u1_0.id=? order by t1_0.created_at desc fetch first ? rows only
Hibernate: select v1_0.id,v1_0.achieved,v1_0.created_at,v1_0.description,v1_0.progress,v1_0.status,v1_0.target_date,v1_0.title,v1_0.updated_at,v1_0.user_id,v1_0.vision_type from visions v1_0 left join users u1_0 on u1_0.id=v1_0.user_id where u1_0.id=? order by v1_0.created_at desc
Hibernate: select g1_0.id,g1_0.achieved,g1_0.created_at,g1_0.description,g1_0.goal_type,g1_0.progress,g1_0.status,g1_0.target_date,g1_0.title,g1_0.updated_at,g1_0.user_id,g1_0.vision_id from goals g1_0 left join users u1_0 on u1_0.id=g1_0.user_id where u1_0.id=?
Hibernate: select h1_0.id,h1_0.best_streak,h1_0.completion_rate,h1_0.created_at,h1_0.days_active,h1_0.frequency,h1_0.health_score,h1_0.purpose,h1_0.start_date,h1_0.streak,h1_0.title,h1_0.updated_at,h1_0.user_id from habits h1_0 left join users u1_0 on u1_0.id=h1_0.user_id where u1_0.id=? order by h1_0.created_at desc
Hibernate: select l1_0.habit_id,l1_0.id,l1_0.created_at,l1_0.date,l1_0.notes,l1_0.skip_reason,l1_0.status from habit_logs l1_0 where l1_0.habit_id=?
Hibernate: select count(n1_0.id) from notes n1_0 left join users u1_0 on u1_0.id=n1_0.user_id where u1_0.id=?
Hibernate: select count(je1_0.id) from journal_entries je1_0 left join users u1_0 on u1_0.id=je1_0.user_id where u1_0.id=?
Hibernate: select ff1_0.id,ff1_0.created_at,ff1_0.enabled_globally,ff1_0.feature_name,ff1_0.updated_at from feature_flags ff1_0
Hibernate: select ufo1_0.id,ufo1_0.created_at,ufo1_0.enabled,ufo1_0.feature_name,ufo1_0.updated_at,ufo1_0.user_id from user_feature_overrides ufo1_0 left join users u1_0 on u1_0.id=ufo1_0.user_id where u1_0.id=?
Hibernate: select u1_0.id,u1_0.created_at,u1_0.email,u1_0.enabled,u1_0.password,u1_0.role,u1_0.updated_at,u1_0.username from users u1_0 where u1_0.id=?
Hibernate: select v1_0.id,v1_0.achieved,v1_0.created_at,v1_0.description,v1_0.progress,v1_0.status,v1_0.target_date,v1_0.title,v1_0.updated_at,v1_0.user_id,v1_0.vision_type from visions v1_0 left join users u1_0 on u1_0.id=v1_0.user_id where u1_0.username=? order by v1_0.created_at desc
Hibernate: select u1_0.id,u1_0.created_at,u1_0.email,u1_0.enabled,u1_0.password,u1_0.role,u1_0.updated_at,u1_0.username from users u1_0 where u1_0.id=?
Hibernate: select v1_0.id,v1_0.achieved,v1_0.created_at,v1_0.description,v1_0.progress,v1_0.status,v1_0.target_date,v1_0.title,v1_0.updated_at,v1_0.user_id,v1_0.vision_type from visions v1_0 left join users u1_0 on u1_0.id=v1_0.user_id where u1_0.username=? order by v1_0.created_at desc
Hibernate: select u1_0.id,u1_0.created_at,u1_0.email,u1_0.enabled,u1_0.password,u1_0.role,u1_0.updated_at,u1_0.username from users u1_0 where u1_0.id=?
Hibernate: select u1_0.id,u1_0.created_at,u1_0.email,u1_0.enabled,u1_0.password,u1_0.role,u1_0.updated_at,u1_0.username from users u1_0 where u1_0.id=?
Hibernate: select g1_0.id,g1_0.achieved,g1_0.created_at,g1_0.description,g1_0.goal_type,g1_0.progress,g1_0.status,g1_0.target_date,g1_0.title,g1_0.updated_at,g1_0.user_id,g1_0.vision_id from goals g1_0 left join users u1_0 on u1_0.id=g1_0.user_id where u1_0.username=? order by g1_0.created_at desc
Hibernate: select v1_0.id,v1_0.achieved,v1_0.created_at,v1_0.description,v1_0.progress,v1_0.status,v1_0.target_date,v1_0.title,v1_0.updated_at,v1_0.user_id,v1_0.vision_type from visions v1_0 where v1_0.id=?
Hibernate: select v1_0.id,v1_0.achieved,v1_0.created_at,v1_0.description,v1_0.progress,v1_0.status,v1_0.target_date,v1_0.title,v1_0.updated_at,v1_0.user_id,v1_0.vision_type from visions v1_0 left join users u1_0 on u1_0.id=v1_0.user_id where u1_0.username=? order by v1_0.created_at desc
Hibernate: select u1_0.id,u1_0.created_at,u1_0.email,u1_0.enabled,u1_0.password,u1_0.role,u1_0.updated_at,u1_0.username from users u1_0 where u1_0.id=?
Hibernate: select u1_0.id,u1_0.created_at,u1_0.email,u1_0.enabled,u1_0.password,u1_0.role,u1_0.updated_at,u1_0.username from users u1_0 where u1_0.id=?
Hibernate: select v1_0.id,v1_0.achieved,v1_0.created_at,v1_0.description,v1_0.progress,v1_0.status,v1_0.target_date,v1_0.title,v1_0.updated_at,v1_0.user_id,v1_0.vision_type from visions v1_0 left join users u1_0 on u1_0.id=v1_0.user_id where u1_0.username=? order by v1_0.created_at desc
Hibernate: select g1_0.id,g1_0.achieved,g1_0.created_at,g1_0.description,g1_0.goal_type,g1_0.progress,g1_0.status,g1_0.target_date,g1_0.title,g1_0.updated_at,g1_0.user_id,g1_0.vision_id from goals g1_0 left join users u1_0 on u1_0.id=g1_0.user_id where u1_0.username=? order by g1_0.created_at desc
Hibernate: select v1_0.id,v1_0.achieved,v1_0.created_at,v1_0.description,v1_0.progress,v1_0.status,v1_0.target_date,v1_0.title,v1_0.updated_at,v1_0.user_id,v1_0.vision_type from visions v1_0 where v1_0.id=?
Hibernate: select u1_0.id,u1_0.created_at,u1_0.email,u1_0.enabled,u1_0.password,u1_0.role,u1_0.updated_at,u1_0.username from users u1_0 where u1_0.id=?
Hibernate: select t1_0.id,t1_0.created_at,t1_0.description,t1_0.due_date,t1_0.goal_id,t1_0.priority,t1_0.progress,t1_0.status,t1_0.tags,t1_0.title,t1_0.updated_at,t1_0.user_id from tasks t1_0 where t1_0.user_id=? and (? is null or t1_0.status=?) and (? is null or t1_0.priority=?) and (? is null or t1_0.due_date=?) and (? is null or lower(t1_0.title) like lower(('%'||?||'%')) escape '' or lower(t1_0.description) like lower(('%'||?||'%')) escape '') order by t1_0.created_at desc offset ? rows fetch first ? rows only
Hibernate: select u1_0.id,u1_0.created_at,u1_0.email,u1_0.enabled,u1_0.password,u1_0.role,u1_0.updated_at,u1_0.username from users u1_0 where u1_0.id=?
Hibernate: select t1_0.id,t1_0.created_at,t1_0.description,t1_0.due_date,t1_0.goal_id,t1_0.priority,t1_0.progress,t1_0.status,t1_0.tags,t1_0.title,t1_0.updated_at,t1_0.user_id from tasks t1_0 where t1_0.user_id=? and (? is null or t1_0.status=?) and (? is null or t1_0.priority=?) and (? is null or t1_0.due_date=?) and (? is null or lower(t1_0.title) like lower(('%'||?||'%')) escape '' or lower(t1_0.description) like lower(('%'||?||'%')) escape '') order by t1_0.created_at desc offset ? rows fetch first ? rows only
Hibernate: select u1_0.id,u1_0.created_at,u1_0.email,u1_0.enabled,u1_0.password,u1_0.role,u1_0.updated_at,u1_0.username from users u1_0 where u1_0.id=?
Hibernate: select h1_0.id,h1_0.best_streak,h1_0.completion_rate,h1_0.created_at,h1_0.days_active,h1_0.frequency,h1_0.health_score,h1_0.purpose,h1_0.start_date,h1_0.streak,h1_0.title,h1_0.updated_at,h1_0.user_id from habits h1_0 left join users u1_0 on u1_0.id=h1_0.user_id where u1_0.username=? order by h1_0.created_at desc
Hibernate: select l1_0.habit_id,l1_0.id,l1_0.created_at,l1_0.date,l1_0.notes,l1_0.skip_reason,l1_0.status from habit_logs l1_0 where l1_0.habit_id=?
Hibernate: select u1_0.id,u1_0.created_at,u1_0.email,u1_0.enabled,u1_0.password,u1_0.role,u1_0.updated_at,u1_0.username from users u1_0 where u1_0.id=?
Hibernate: select h1_0.id,h1_0.best_streak,h1_0.completion_rate,h1_0.created_at,h1_0.days_active,h1_0.frequency,h1_0.health_score,h1_0.purpose,h1_0.start_date,h1_0.streak,h1_0.title,h1_0.updated_at,h1_0.user_id from habits h1_0 left join users u1_0 on u1_0.id=h1_0.user_id where u1_0.username=? order by h1_0.created_at desc
Hibernate: select l1_0.habit_id,l1_0.id,l1_0.created_at,l1_0.date,l1_0.notes,l1_0.skip_reason,l1_0.status from habit_logs l1_0 where l1_0.habit_id=?
Hibernate: select u1_0.id,u1_0.created_at,u1_0.email,u1_0.enabled,u1_0.password,u1_0.role,u1_0.updated_at,u1_0.username from users u1_0 where u1_0.id=?
Hibernate: select h1_0.id,h1_0.best_streak,h1_0.completion_rate,h1_0.created_at,h1_0.days_active,h1_0.frequency,h1_0.health_score,h1_0.purpose,h1_0.start_date,h1_0.streak,h1_0.title,h1_0.updated_at,h1_0.user_id from habits h1_0 left join users u1_0 on u1_0.id=h1_0.user_id where h1_0.id=? and u1_0.username=?
Hibernate: select hl1_0.id,hl1_0.created_at,hl1_0.date,hl1_0.habit_id,hl1_0.notes,hl1_0.skip_reason,hl1_0.status from habit_logs hl1_0 left join habits h1_0 on h1_0.id=hl1_0.habit_id where h1_0.id=? and hl1_0.date=?
Hibernate: insert into habit_logs (created_at,date,habit_id,notes,skip_reason,status,id) values (?,?,?,?,?,?,default)
Hibernate: select hl1_0.id,hl1_0.created_at,hl1_0.date,hl1_0.habit_id,hl1_0.notes,hl1_0.skip_reason,hl1_0.status from habit_logs hl1_0 left join habits h1_0 on h1_0.id=hl1_0.habit_id where h1_0.id=? order by hl1_0.date desc
Hibernate: select hl1_0.id,hl1_0.created_at,hl1_0.date,hl1_0.habit_id,hl1_0.notes,hl1_0.skip_reason,hl1_0.status from habit_logs hl1_0 left join habits h1_0 on h1_0.id=hl1_0.habit_id where h1_0.id=? order by hl1_0.date desc
Hibernate: select l1_0.habit_id,l1_0.id,l1_0.created_at,l1_0.date,l1_0.notes,l1_0.skip_reason,l1_0.status from habit_logs l1_0 where l1_0.habit_id=?
Hibernate: update habits set best_streak=?,completion_rate=?,days_active=?,frequency=?,health_score=?,purpose=?,start_date=?,streak=?,title=?,updated_at=?,user_id=? where id=?
Hibernate: select u1_0.id,u1_0.created_at,u1_0.email,u1_0.enabled,u1_0.password,u1_0.role,u1_0.updated_at,u1_0.username from users u1_0 where u1_0.id=?
Hibernate: select h1_0.id,h1_0.best_streak,h1_0.completion_rate,h1_0.created_at,h1_0.days_active,h1_0.frequency,h1_0.health_score,h1_0.purpose,h1_0.start_date,h1_0.streak,h1_0.title,h1_0.updated_at,h1_0.user_id from habits h1_0 left join users u1_0 on u1_0.id=h1_0.user_id where h1_0.id=? and u1_0.username=?
Hibernate: select hl1_0.id,hl1_0.created_at,hl1_0.date,hl1_0.habit_id,hl1_0.notes,hl1_0.skip_reason,hl1_0.status from habit_logs hl1_0 left join habits h1_0 on h1_0.id=hl1_0.habit_id where h1_0.id=? and hl1_0.date=?
Hibernate: select hl1_0.id,hl1_0.created_at,hl1_0.date,hl1_0.habit_id,hl1_0.notes,hl1_0.skip_reason,hl1_0.status from habit_logs hl1_0 left join habits h1_0 on h1_0.id=hl1_0.habit_id where h1_0.id=? order by hl1_0.date desc
Hibernate: select hl1_0.id,hl1_0.created_at,hl1_0.date,hl1_0.habit_id,hl1_0.notes,hl1_0.skip_reason,hl1_0.status from habit_logs hl1_0 left join habits h1_0 on h1_0.id=hl1_0.habit_id where h1_0.id=? order by hl1_0.date desc
Hibernate: select l1_0.habit_id,l1_0.id,l1_0.created_at,l1_0.date,l1_0.notes,l1_0.skip_reason,l1_0.status from habit_logs l1_0 where l1_0.habit_id=?
Hibernate: update habits set best_streak=?,completion_rate=?,days_active=?,frequency=?,health_score=?,purpose=?,start_date=?,streak=?,title=?,updated_at=?,user_id=? where id=?
Hibernate: select u1_0.id,u1_0.created_at,u1_0.email,u1_0.enabled,u1_0.password,u1_0.role,u1_0.updated_at,u1_0.username from users u1_0 where u1_0.id=?
Hibernate: select n1_0.id,n1_0.content,n1_0.created_at,n1_0.title,n1_0.updated_at,n1_0.user_id from notes n1_0 left join users u1_0 on u1_0.id=n1_0.user_id where u1_0.username=? order by n1_0.created_at desc
Hibernate: select u1_0.id,u1_0.created_at,u1_0.email,u1_0.enabled,u1_0.password,u1_0.role,u1_0.updated_at,u1_0.username from users u1_0 where u1_0.id=?
Hibernate: select n1_0.id,n1_0.content,n1_0.created_at,n1_0.title,n1_0.updated_at,n1_0.user_id from notes n1_0 left join users u1_0 on u1_0.id=n1_0.user_id where u1_0.username=? order by n1_0.created_at desc
Hibernate: select u1_0.id,u1_0.created_at,u1_0.email,u1_0.enabled,u1_0.password,u1_0.role,u1_0.updated_at,u1_0.username from users u1_0 where u1_0.id=?
Hibernate: select je1_0.id,je1_0.content,je1_0.created_at,je1_0.entry_type,je1_0.mood,je1_0.title,je1_0.updated_at,je1_0.user_id from journal_entries je1_0 left join users u1_0 on u1_0.id=je1_0.user_id where u1_0.username=? order by je1_0.created_at desc
Hibernate: select u1_0.id,u1_0.created_at,u1_0.email,u1_0.enabled,u1_0.password,u1_0.role,u1_0.updated_at,u1_0.username from users u1_0 where u1_0.id=?
Hibernate: select je1_0.id,je1_0.content,je1_0.created_at,je1_0.entry_type,je1_0.mood,je1_0.title,je1_0.updated_at,je1_0.user_id from journal_entries je1_0 left join users u1_0 on u1_0.id=je1_0.user_id where u1_0.username=? order by je1_0.created_at desc
Hibernate: select u1_0.id,u1_0.created_at,u1_0.email,u1_0.enabled,u1_0.password,u1_0.role,u1_0.updated_at,u1_0.username from users u1_0 where u1_0.id=?
Hibernate: select u1_0.id,u1_0.created_at,u1_0.email,u1_0.enabled,u1_0.password,u1_0.role,u1_0.updated_at,u1_0.username from users u1_0 where u1_0.id=?
Hibernate: select u1_0.id,u1_0.created_at,u1_0.email,u1_0.enabled,u1_0.password,u1_0.role,u1_0.updated_at,u1_0.username from users u1_0 where u1_0.id=?
Hibernate: select u1_0.id,u1_0.created_at,u1_0.email,u1_0.enabled,u1_0.password,u1_0.role,u1_0.updated_at,u1_0.username from users u1_0 where u1_0.id=?
Hibernate: select a1_0.id,a1_0.active,a1_0.content,a1_0.created_at,a1_0.title,a1_0.updated_at from announcements a1_0 where a1_0.active order by a1_0.created_at desc
Hibernate: select v1_0.id,v1_0.achieved,v1_0.created_at,v1_0.description,v1_0.progress,v1_0.status,v1_0.target_date,v1_0.title,v1_0.updated_at,v1_0.user_id,v1_0.vision_type from visions v1_0 left join users u1_0 on u1_0.id=v1_0.user_id where u1_0.username=? order by v1_0.created_at desc
Hibernate: select t1_0.id,t1_0.created_at,t1_0.description,t1_0.due_date,t1_0.goal_id,t1_0.priority,t1_0.progress,t1_0.status,t1_0.tags,t1_0.title,t1_0.updated_at,t1_0.user_id from tasks t1_0 where t1_0.user_id=? and (? is null or t1_0.status=?) and (? is null or t1_0.priority=?) and (? is null or t1_0.due_date=?) and (? is null or lower(t1_0.title) like lower(('%'||?||'%')) escape '' or lower(t1_0.description) like lower(('%'||?||'%')) escape '') order by t1_0.created_at desc offset ? rows fetch first ? rows only
Hibernate: select count(t1_0.id) from tasks t1_0 left join users u1_0 on u1_0.id=t1_0.user_id where u1_0.id=?
Hibernate: select count(t1_0.id) from tasks t1_0 left join users u1_0 on u1_0.id=t1_0.user_id where u1_0.id=? and t1_0.status=?
Hibernate: select u1_0.id,u1_0.created_at,u1_0.email,u1_0.enabled,u1_0.password,u1_0.role,u1_0.updated_at,u1_0.username from users u1_0 where u1_0.id=?
Hibernate: select count(t1_0.id) from tasks t1_0 left join users u1_0 on u1_0.id=t1_0.user_id where u1_0.id=? and t1_0.status=?
Hibernate: select g1_0.id,g1_0.achieved,g1_0.created_at,g1_0.description,g1_0.goal_type,g1_0.progress,g1_0.status,g1_0.target_date,g1_0.title,g1_0.updated_at,g1_0.user_id,g1_0.vision_id from goals g1_0 left join users u1_0 on u1_0.id=g1_0.user_id where u1_0.username=? order by g1_0.created_at desc
Hibernate: select count(t1_0.id) from tasks t1_0 left join users u1_0 on u1_0.id=t1_0.user_id where u1_0.id=? and t1_0.status=?
Hibernate: select u1_0.id,u1_0.created_at,u1_0.email,u1_0.enabled,u1_0.password,u1_0.role,u1_0.updated_at,u1_0.username from users u1_0 where u1_0.id=?
Hibernate: select v1_0.id,v1_0.achieved,v1_0.created_at,v1_0.description,v1_0.progress,v1_0.status,v1_0.target_date,v1_0.title,v1_0.updated_at,v1_0.user_id,v1_0.vision_type from visions v1_0 where v1_0.id=?
Hibernate: select t1_0.id,t1_0.created_at,t1_0.description,t1_0.due_date,t1_0.goal_id,t1_0.priority,t1_0.progress,t1_0.status,t1_0.tags,t1_0.title,t1_0.updated_at,t1_0.user_id from tasks t1_0 left join users u1_0 on u1_0.id=t1_0.user_id where u1_0.id=? order by t1_0.created_at desc fetch first ? rows only
Hibernate: select h1_0.id,h1_0.best_streak,h1_0.completion_rate,h1_0.created_at,h1_0.days_active,h1_0.frequency,h1_0.health_score,h1_0.purpose,h1_0.start_date,h1_0.streak,h1_0.title,h1_0.updated_at,h1_0.user_id from habits h1_0 left join users u1_0 on u1_0.id=h1_0.user_id where u1_0.username=? order by h1_0.created_at desc
Hibernate: select v1_0.id,v1_0.achieved,v1_0.created_at,v1_0.description,v1_0.progress,v1_0.status,v1_0.target_date,v1_0.title,v1_0.updated_at,v1_0.user_id,v1_0.vision_type from visions v1_0 left join users u1_0 on u1_0.id=v1_0.user_id where u1_0.id=? order by v1_0.created_at desc
Hibernate: select u1_0.id,u1_0.created_at,u1_0.email,u1_0.enabled,u1_0.password,u1_0.role,u1_0.updated_at,u1_0.username from users u1_0 where u1_0.id=?
Hibernate: select u1_0.id,u1_0.created_at,u1_0.email,u1_0.enabled,u1_0.password,u1_0.role,u1_0.updated_at,u1_0.username from users u1_0 where u1_0.id=?
Hibernate: select l1_0.habit_id,l1_0.id,l1_0.created_at,l1_0.date,l1_0.notes,l1_0.skip_reason,l1_0.status from habit_logs l1_0 where l1_0.habit_id=?
Hibernate: select u1_0.id,u1_0.created_at,u1_0.email,u1_0.enabled,u1_0.password,u1_0.role,u1_0.updated_at,u1_0.username from users u1_0 where u1_0.id=?
Hibernate: select g1_0.id,g1_0.achieved,g1_0.created_at,g1_0.description,g1_0.goal_type,g1_0.progress,g1_0.status,g1_0.target_date,g1_0.title,g1_0.updated_at,g1_0.user_id,g1_0.vision_id from goals g1_0 left join users u1_0 on u1_0.id=g1_0.user_id where u1_0.id=?
Hibernate: select a1_0.id,a1_0.active,a1_0.content,a1_0.created_at,a1_0.title,a1_0.updated_at from announcements a1_0 where a1_0.active order by a1_0.created_at desc
Hibernate: select t1_0.id,t1_0.created_at,t1_0.description,t1_0.due_date,t1_0.goal_id,t1_0.priority,t1_0.progress,t1_0.status,t1_0.tags,t1_0.title,t1_0.updated_at,t1_0.user_id from tasks t1_0 where t1_0.user_id=? and (? is null or t1_0.status=?) and (? is null or t1_0.priority=?) and (? is null or t1_0.due_date=?) and (? is null or lower(t1_0.title) like lower(('%'||?||'%')) escape '' or lower(t1_0.description) like lower(('%'||?||'%')) escape '') order by t1_0.created_at desc offset ? rows fetch first ? rows only
Hibernate: select h1_0.id,h1_0.best_streak,h1_0.completion_rate,h1_0.created_at,h1_0.days_active,h1_0.frequency,h1_0.health_score,h1_0.purpose,h1_0.start_date,h1_0.streak,h1_0.title,h1_0.updated_at,h1_0.user_id from habits h1_0 left join users u1_0 on u1_0.id=h1_0.user_id where u1_0.id=? order by h1_0.created_at desc
Hibernate: select l1_0.habit_id,l1_0.id,l1_0.created_at,l1_0.date,l1_0.notes,l1_0.skip_reason,l1_0.status from habit_logs l1_0 where l1_0.habit_id=?
Hibernate: select u1_0.id,u1_0.created_at,u1_0.email,u1_0.enabled,u1_0.password,u1_0.role,u1_0.updated_at,u1_0.username from users u1_0 where u1_0.id=?
Hibernate: select v1_0.id,v1_0.achieved,v1_0.created_at,v1_0.description,v1_0.progress,v1_0.status,v1_0.target_date,v1_0.title,v1_0.updated_at,v1_0.user_id,v1_0.vision_type from visions v1_0 left join users u1_0 on u1_0.id=v1_0.user_id where u1_0.username=? order by v1_0.created_at desc
Hibernate: select count(n1_0.id) from notes n1_0 left join users u1_0 on u1_0.id=n1_0.user_id where u1_0.id=?
Hibernate: select count(je1_0.id) from journal_entries je1_0 left join users u1_0 on u1_0.id=je1_0.user_id where u1_0.id=?
Hibernate: select g1_0.id,g1_0.achieved,g1_0.created_at,g1_0.description,g1_0.goal_type,g1_0.progress,g1_0.status,g1_0.target_date,g1_0.title,g1_0.updated_at,g1_0.user_id,g1_0.vision_id from goals g1_0 left join users u1_0 on u1_0.id=g1_0.user_id where u1_0.username=? order by g1_0.created_at desc
Hibernate: select ff1_0.id,ff1_0.created_at,ff1_0.enabled_globally,ff1_0.feature_name,ff1_0.updated_at from feature_flags ff1_0
Hibernate: select v1_0.id,v1_0.achieved,v1_0.created_at,v1_0.description,v1_0.progress,v1_0.status,v1_0.target_date,v1_0.title,v1_0.updated_at,v1_0.user_id,v1_0.vision_type from visions v1_0 where v1_0.id=?
Hibernate: select ufo1_0.id,ufo1_0.created_at,ufo1_0.enabled,ufo1_0.feature_name,ufo1_0.updated_at,ufo1_0.user_id from user_feature_overrides ufo1_0 left join users u1_0 on u1_0.id=ufo1_0.user_id where u1_0.id=?
Hibernate: select u1_0.id,u1_0.created_at,u1_0.email,u1_0.enabled,u1_0.password,u1_0.role,u1_0.updated_at,u1_0.username from users u1_0 where u1_0.id=?
Hibernate: select h1_0.id,h1_0.best_streak,h1_0.completion_rate,h1_0.created_at,h1_0.days_active,h1_0.frequency,h1_0.health_score,h1_0.purpose,h1_0.start_date,h1_0.streak,h1_0.title,h1_0.updated_at,h1_0.user_id from habits h1_0 left join users u1_0 on u1_0.id=h1_0.user_id where u1_0.username=? order by h1_0.created_at desc
Hibernate: select l1_0.habit_id,l1_0.id,l1_0.created_at,l1_0.date,l1_0.notes,l1_0.skip_reason,l1_0.status from habit_logs l1_0 where l1_0.habit_id=?
Hibernate: select u1_0.id,u1_0.created_at,u1_0.email,u1_0.enabled,u1_0.password,u1_0.role,u1_0.updated_at,u1_0.username from users u1_0 where u1_0.id=?
Hibernate: select count(t1_0.id) from tasks t1_0 left join users u1_0 on u1_0.id=t1_0.user_id where u1_0.id=?
Hibernate: select count(t1_0.id) from tasks t1_0 left join users u1_0 on u1_0.id=t1_0.user_id where u1_0.id=? and t1_0.status=?
Hibernate: select count(t1_0.id) from tasks t1_0 left join users u1_0 on u1_0.id=t1_0.user_id where u1_0.id=? and t1_0.status=?
Hibernate: select count(t1_0.id) from tasks t1_0 left join users u1_0 on u1_0.id=t1_0.user_id where u1_0.id=? and t1_0.status=?
Hibernate: select t1_0.id,t1_0.created_at,t1_0.description,t1_0.due_date,t1_0.goal_id,t1_0.priority,t1_0.progress,t1_0.status,t1_0.tags,t1_0.title,t1_0.updated_at,t1_0.user_id from tasks t1_0 left join users u1_0 on u1_0.id=t1_0.user_id where u1_0.id=? order by t1_0.created_at desc fetch first ? rows only
Hibernate: select v1_0.id,v1_0.achieved,v1_0.created_at,v1_0.description,v1_0.progress,v1_0.status,v1_0.target_date,v1_0.title,v1_0.updated_at,v1_0.user_id,v1_0.vision_type from visions v1_0 left join users u1_0 on u1_0.id=v1_0.user_id where u1_0.id=? order by v1_0.created_at desc
Hibernate: select g1_0.id,g1_0.achieved,g1_0.created_at,g1_0.description,g1_0.goal_type,g1_0.progress,g1_0.status,g1_0.target_date,g1_0.title,g1_0.updated_at,g1_0.user_id,g1_0.vision_id from goals g1_0 left join users u1_0 on u1_0.id=g1_0.user_id where u1_0.id=?
Hibernate: select h1_0.id,h1_0.best_streak,h1_0.completion_rate,h1_0.created_at,h1_0.days_active,h1_0.frequency,h1_0.health_score,h1_0.purpose,h1_0.start_date,h1_0.streak,h1_0.title,h1_0.updated_at,h1_0.user_id from habits h1_0 left join users u1_0 on u1_0.id=h1_0.user_id where u1_0.id=? order by h1_0.created_at desc
Hibernate: select l1_0.habit_id,l1_0.id,l1_0.created_at,l1_0.date,l1_0.notes,l1_0.skip_reason,l1_0.status from habit_logs l1_0 where l1_0.habit_id=?
Hibernate: select count(n1_0.id) from notes n1_0 left join users u1_0 on u1_0.id=n1_0.user_id where u1_0.id=?
Hibernate: select count(je1_0.id) from journal_entries je1_0 left join users u1_0 on u1_0.id=je1_0.user_id where u1_0.id=?
Hibernate: select ff1_0.id,ff1_0.created_at,ff1_0.enabled_globally,ff1_0.feature_name,ff1_0.updated_at from feature_flags ff1_0
Hibernate: select ufo1_0.id,ufo1_0.created_at,ufo1_0.enabled,ufo1_0.feature_name,ufo1_0.updated_at,ufo1_0.user_id from user_feature_overrides ufo1_0 left join users u1_0 on u1_0.id=ufo1_0.user_id where u1_0.id=?
Hibernate: select u1_0.id,u1_0.created_at,u1_0.email,u1_0.enabled,u1_0.password,u1_0.role,u1_0.updated_at,u1_0.username from users u1_0 where u1_0.id=?
Hibernate: select u1_0.id,u1_0.created_at,u1_0.email,u1_0.enabled,u1_0.password,u1_0.role,u1_0.updated_at,u1_0.username from users u1_0 where u1_0.id=?
Hibernate: select u1_0.id,u1_0.created_at,u1_0.email,u1_0.enabled,u1_0.password,u1_0.role,u1_0.updated_at,u1_0.username from users u1_0 where u1_0.id=?
Hibernate: select u1_0.id,u1_0.created_at,u1_0.email,u1_0.enabled,u1_0.password,u1_0.role,u1_0.updated_at,u1_0.username from users u1_0 where u1_0.id=?
Hibernate: select u1_0.id,u1_0.created_at,u1_0.email,u1_0.enabled,u1_0.password,u1_0.role,u1_0.updated_at,u1_0.username from users u1_0 where u1_0.id=?
Hibernate: select u1_0.id,u1_0.created_at,u1_0.email,u1_0.enabled,u1_0.password,u1_0.role,u1_0.updated_at,u1_0.username from users u1_0 where u1_0.id=?
Hibernate: select v1_0.id,v1_0.achieved,v1_0.created_at,v1_0.description,v1_0.progress,v1_0.status,v1_0.target_date,v1_0.title,v1_0.updated_at,v1_0.user_id,v1_0.vision_type from visions v1_0 left join users u1_0 on u1_0.id=v1_0.user_id where u1_0.username=? order by v1_0.created_at desc
Hibernate: select g1_0.id,g1_0.achieved,g1_0.created_at,g1_0.description,g1_0.goal_type,g1_0.progress,g1_0.status,g1_0.target_date,g1_0.title,g1_0.updated_at,g1_0.user_id,g1_0.vision_id from goals g1_0 left join users u1_0 on u1_0.id=g1_0.user_id where u1_0.username=? order by g1_0.created_at desc
Hibernate: select a1_0.id,a1_0.active,a1_0.content,a1_0.created_at,a1_0.title,a1_0.updated_at from announcements a1_0 where a1_0.active order by a1_0.created_at desc
Hibernate: select v1_0.id,v1_0.achieved,v1_0.created_at,v1_0.description,v1_0.progress,v1_0.status,v1_0.target_date,v1_0.title,v1_0.updated_at,v1_0.user_id,v1_0.vision_type from visions v1_0 where v1_0.id=?
Hibernate: select h1_0.id,h1_0.best_streak,h1_0.completion_rate,h1_0.created_at,h1_0.days_active,h1_0.frequency,h1_0.health_score,h1_0.purpose,h1_0.start_date,h1_0.streak,h1_0.title,h1_0.updated_at,h1_0.user_id from habits h1_0 left join users u1_0 on u1_0.id=h1_0.user_id where u1_0.username=? order by h1_0.created_at desc
Hibernate: select l1_0.habit_id,l1_0.id,l1_0.created_at,l1_0.date,l1_0.notes,l1_0.skip_reason,l1_0.status from habit_logs l1_0 where l1_0.habit_id=?
Hibernate: select count(t1_0.id) from tasks t1_0 left join users u1_0 on u1_0.id=t1_0.user_id where u1_0.id=?
Hibernate: select count(t1_0.id) from tasks t1_0 left join users u1_0 on u1_0.id=t1_0.user_id where u1_0.id=? and t1_0.status=?
Hibernate: select t1_0.id,t1_0.created_at,t1_0.description,t1_0.due_date,t1_0.goal_id,t1_0.priority,t1_0.progress,t1_0.status,t1_0.tags,t1_0.title,t1_0.updated_at,t1_0.user_id from tasks t1_0 where t1_0.user_id=? and (? is null or t1_0.status=?) and (? is null or t1_0.priority=?) and (? is null or t1_0.due_date=?) and (? is null or lower(t1_0.title) like lower(('%'||?||'%')) escape '' or lower(t1_0.description) like lower(('%'||?||'%')) escape '') order by t1_0.created_at desc offset ? rows fetch first ? rows only
Hibernate: select count(t1_0.id) from tasks t1_0 left join users u1_0 on u1_0.id=t1_0.user_id where u1_0.id=? and t1_0.status=?
Hibernate: select count(t1_0.id) from tasks t1_0 left join users u1_0 on u1_0.id=t1_0.user_id where u1_0.id=? and t1_0.status=?
Hibernate: select t1_0.id,t1_0.created_at,t1_0.description,t1_0.due_date,t1_0.goal_id,t1_0.priority,t1_0.progress,t1_0.status,t1_0.tags,t1_0.title,t1_0.updated_at,t1_0.user_id from tasks t1_0 left join users u1_0 on u1_0.id=t1_0.user_id where u1_0.id=? order by t1_0.created_at desc fetch first ? rows only
Hibernate: select v1_0.id,v1_0.achieved,v1_0.created_at,v1_0.description,v1_0.progress,v1_0.status,v1_0.target_date,v1_0.title,v1_0.updated_at,v1_0.user_id,v1_0.vision_type from visions v1_0 left join users u1_0 on u1_0.id=v1_0.user_id where u1_0.id=? order by v1_0.created_at desc
Hibernate: select u1_0.id,u1_0.created_at,u1_0.email,u1_0.enabled,u1_0.password,u1_0.role,u1_0.updated_at,u1_0.username from users u1_0 where u1_0.id=?
Hibernate: select g1_0.id,g1_0.achieved,g1_0.created_at,g1_0.description,g1_0.goal_type,g1_0.progress,g1_0.status,g1_0.target_date,g1_0.title,g1_0.updated_at,g1_0.user_id,g1_0.vision_id from goals g1_0 left join users u1_0 on u1_0.id=g1_0.user_id where u1_0.id=?
Hibernate: select u1_0.id,u1_0.created_at,u1_0.email,u1_0.enabled,u1_0.password,u1_0.role,u1_0.updated_at,u1_0.username from users u1_0 where u1_0.id=?
Hibernate: select u1_0.id,u1_0.created_at,u1_0.email,u1_0.enabled,u1_0.password,u1_0.role,u1_0.updated_at,u1_0.username from users u1_0 where u1_0.id=?
Hibernate: select u1_0.id,u1_0.created_at,u1_0.email,u1_0.enabled,u1_0.password,u1_0.role,u1_0.updated_at,u1_0.username from users u1_0 where u1_0.id=?
Hibernate: select a1_0.id,a1_0.active,a1_0.content,a1_0.created_at,a1_0.title,a1_0.updated_at from announcements a1_0 where a1_0.active order by a1_0.created_at desc
Hibernate: select v1_0.id,v1_0.achieved,v1_0.created_at,v1_0.description,v1_0.progress,v1_0.status,v1_0.target_date,v1_0.title,v1_0.updated_at,v1_0.user_id,v1_0.vision_type from visions v1_0 left join users u1_0 on u1_0.id=v1_0.user_id where u1_0.username=? order by v1_0.created_at desc
Hibernate: select u1_0.id,u1_0.created_at,u1_0.email,u1_0.enabled,u1_0.password,u1_0.role,u1_0.updated_at,u1_0.username from users u1_0 where u1_0.id=?
Hibernate: select h1_0.id,h1_0.best_streak,h1_0.completion_rate,h1_0.created_at,h1_0.days_active,h1_0.frequency,h1_0.health_score,h1_0.purpose,h1_0.start_date,h1_0.streak,h1_0.title,h1_0.updated_at,h1_0.user_id from habits h1_0 left join users u1_0 on u1_0.id=h1_0.user_id where u1_0.id=? order by h1_0.created_at desc
Hibernate: select h1_0.id,h1_0.best_streak,h1_0.completion_rate,h1_0.created_at,h1_0.days_active,h1_0.frequency,h1_0.health_score,h1_0.purpose,h1_0.start_date,h1_0.streak,h1_0.title,h1_0.updated_at,h1_0.user_id from habits h1_0 left join users u1_0 on u1_0.id=h1_0.user_id where u1_0.username=? order by h1_0.created_at desc
Hibernate: select t1_0.id,t1_0.created_at,t1_0.description,t1_0.due_date,t1_0.goal_id,t1_0.priority,t1_0.progress,t1_0.status,t1_0.tags,t1_0.title,t1_0.updated_at,t1_0.user_id from tasks t1_0 where t1_0.user_id=? and (? is null or t1_0.status=?) and (? is null or t1_0.priority=?) and (? is null or t1_0.due_date=?) and (? is null or lower(t1_0.title) like lower(('%'||?||'%')) escape '' or lower(t1_0.description) like lower(('%'||?||'%')) escape '') order by t1_0.created_at desc offset ? rows fetch first ? rows only
Hibernate: select l1_0.habit_id,l1_0.id,l1_0.created_at,l1_0.date,l1_0.notes,l1_0.skip_reason,l1_0.status from habit_logs l1_0 where l1_0.habit_id=?
Hibernate: select l1_0.habit_id,l1_0.id,l1_0.created_at,l1_0.date,l1_0.notes,l1_0.skip_reason,l1_0.status from habit_logs l1_0 where l1_0.habit_id=?
Hibernate: select g1_0.id,g1_0.achieved,g1_0.created_at,g1_0.description,g1_0.goal_type,g1_0.progress,g1_0.status,g1_0.target_date,g1_0.title,g1_0.updated_at,g1_0.user_id,g1_0.vision_id from goals g1_0 left join users u1_0 on u1_0.id=g1_0.user_id where u1_0.username=? order by g1_0.created_at desc
Hibernate: select v1_0.id,v1_0.achieved,v1_0.created_at,v1_0.description,v1_0.progress,v1_0.status,v1_0.target_date,v1_0.title,v1_0.updated_at,v1_0.user_id,v1_0.vision_type from visions v1_0 where v1_0.id=?
Hibernate: select count(n1_0.id) from notes n1_0 left join users u1_0 on u1_0.id=n1_0.user_id where u1_0.id=?
Hibernate: select count(je1_0.id) from journal_entries je1_0 left join users u1_0 on u1_0.id=je1_0.user_id where u1_0.id=?
Hibernate: select ff1_0.id,ff1_0.created_at,ff1_0.enabled_globally,ff1_0.feature_name,ff1_0.updated_at from feature_flags ff1_0
Hibernate: select ufo1_0.id,ufo1_0.created_at,ufo1_0.enabled,ufo1_0.feature_name,ufo1_0.updated_at,ufo1_0.user_id from user_feature_overrides ufo1_0 left join users u1_0 on u1_0.id=ufo1_0.user_id where u1_0.id=?
Hibernate: select u1_0.id,u1_0.created_at,u1_0.email,u1_0.enabled,u1_0.password,u1_0.role,u1_0.updated_at,u1_0.username from users u1_0 where u1_0.id=?
Hibernate: select count(t1_0.id) from tasks t1_0 left join users u1_0 on u1_0.id=t1_0.user_id where u1_0.id=?
Hibernate: select count(t1_0.id) from tasks t1_0 left join users u1_0 on u1_0.id=t1_0.user_id where u1_0.id=? and t1_0.status=?
Hibernate: select count(t1_0.id) from tasks t1_0 left join users u1_0 on u1_0.id=t1_0.user_id where u1_0.id=? and t1_0.status=?
Hibernate: select count(t1_0.id) from tasks t1_0 left join users u1_0 on u1_0.id=t1_0.user_id where u1_0.id=? and t1_0.status=?
Hibernate: select t1_0.id,t1_0.created_at,t1_0.description,t1_0.due_date,t1_0.goal_id,t1_0.priority,t1_0.progress,t1_0.status,t1_0.tags,t1_0.title,t1_0.updated_at,t1_0.user_id from tasks t1_0 left join users u1_0 on u1_0.id=t1_0.user_id where u1_0.id=? order by t1_0.created_at desc fetch first ? rows only
Hibernate: select v1_0.id,v1_0.achieved,v1_0.created_at,v1_0.description,v1_0.progress,v1_0.status,v1_0.target_date,v1_0.title,v1_0.updated_at,v1_0.user_id,v1_0.vision_type from visions v1_0 left join users u1_0 on u1_0.id=v1_0.user_id where u1_0.id=? order by v1_0.created_at desc
Hibernate: select g1_0.id,g1_0.achieved,g1_0.created_at,g1_0.description,g1_0.goal_type,g1_0.progress,g1_0.status,g1_0.target_date,g1_0.title,g1_0.updated_at,g1_0.user_id,g1_0.vision_id from goals g1_0 left join users u1_0 on u1_0.id=g1_0.user_id where u1_0.id=?
Hibernate: select h1_0.id,h1_0.best_streak,h1_0.completion_rate,h1_0.created_at,h1_0.days_active,h1_0.frequency,h1_0.health_score,h1_0.purpose,h1_0.start_date,h1_0.streak,h1_0.title,h1_0.updated_at,h1_0.user_id from habits h1_0 left join users u1_0 on u1_0.id=h1_0.user_id where u1_0.id=? order by h1_0.created_at desc
Hibernate: select l1_0.habit_id,l1_0.id,l1_0.created_at,l1_0.date,l1_0.notes,l1_0.skip_reason,l1_0.status from habit_logs l1_0 where l1_0.habit_id=?
Hibernate: select count(n1_0.id) from notes n1_0 left join users u1_0 on u1_0.id=n1_0.user_id where u1_0.id=?
Hibernate: select count(je1_0.id) from journal_entries je1_0 left join users u1_0 on u1_0.id=je1_0.user_id where u1_0.id=?
Hibernate: select ff1_0.id,ff1_0.created_at,ff1_0.enabled_globally,ff1_0.feature_name,ff1_0.updated_at from feature_flags ff1_0
Hibernate: select ufo1_0.id,ufo1_0.created_at,ufo1_0.enabled,ufo1_0.feature_name,ufo1_0.updated_at,ufo1_0.user_id from user_feature_overrides ufo1_0 left join users u1_0 on u1_0.id=ufo1_0.user_id where u1_0.id=?
Hibernate: select u1_0.id,u1_0.created_at,u1_0.email,u1_0.enabled,u1_0.password,u1_0.role,u1_0.updated_at,u1_0.username from users u1_0 where u1_0.id=?
Hibernate: select v1_0.id,v1_0.achieved,v1_0.created_at,v1_0.description,v1_0.progress,v1_0.status,v1_0.target_date,v1_0.title,v1_0.updated_at,v1_0.user_id,v1_0.vision_type from visions v1_0 left join users u1_0 on u1_0.id=v1_0.user_id where u1_0.username=? order by v1_0.created_at desc
Hibernate: select u1_0.id,u1_0.created_at,u1_0.email,u1_0.enabled,u1_0.password,u1_0.role,u1_0.updated_at,u1_0.username from users u1_0 where u1_0.id=?
Hibernate: select v1_0.id,v1_0.achieved,v1_0.created_at,v1_0.description,v1_0.progress,v1_0.status,v1_0.target_date,v1_0.title,v1_0.updated_at,v1_0.user_id,v1_0.vision_type from visions v1_0 left join users u1_0 on u1_0.id=v1_0.user_id where u1_0.username=? order by v1_0.created_at desc
Hibernate: select u1_0.id,u1_0.created_at,u1_0.email,u1_0.enabled,u1_0.password,u1_0.role,u1_0.updated_at,u1_0.username from users u1_0 where u1_0.id=?
Hibernate: select u1_0.id,u1_0.created_at,u1_0.email,u1_0.enabled,u1_0.password,u1_0.role,u1_0.updated_at,u1_0.username from users u1_0 where u1_0.id=?
Hibernate: select v1_0.id,v1_0.achieved,v1_0.created_at,v1_0.description,v1_0.progress,v1_0.status,v1_0.target_date,v1_0.title,v1_0.updated_at,v1_0.user_id,v1_0.vision_type from visions v1_0 left join users u1_0 on u1_0.id=v1_0.user_id where u1_0.username=? order by v1_0.created_at desc
Hibernate: select g1_0.id,g1_0.achieved,g1_0.created_at,g1_0.description,g1_0.goal_type,g1_0.progress,g1_0.status,g1_0.target_date,g1_0.title,g1_0.updated_at,g1_0.user_id,g1_0.vision_id from goals g1_0 left join users u1_0 on u1_0.id=g1_0.user_id where u1_0.username=? order by g1_0.created_at desc
Hibernate: select v1_0.id,v1_0.achieved,v1_0.created_at,v1_0.description,v1_0.progress,v1_0.status,v1_0.target_date,v1_0.title,v1_0.updated_at,v1_0.user_id,v1_0.vision_type from visions v1_0 where v1_0.id=?
Hibernate: select u1_0.id,u1_0.created_at,u1_0.email,u1_0.enabled,u1_0.password,u1_0.role,u1_0.updated_at,u1_0.username from users u1_0 where u1_0.id=?
Hibernate: select u1_0.id,u1_0.created_at,u1_0.email,u1_0.enabled,u1_0.password,u1_0.role,u1_0.updated_at,u1_0.username from users u1_0 where u1_0.id=?
Hibernate: select g1_0.id,g1_0.achieved,g1_0.created_at,g1_0.description,g1_0.goal_type,g1_0.progress,g1_0.status,g1_0.target_date,g1_0.title,g1_0.updated_at,g1_0.user_id,g1_0.vision_id from goals g1_0 left join users u1_0 on u1_0.id=g1_0.user_id where u1_0.username=? order by g1_0.created_at desc
Hibernate: select v1_0.id,v1_0.achieved,v1_0.created_at,v1_0.description,v1_0.progress,v1_0.status,v1_0.target_date,v1_0.title,v1_0.updated_at,v1_0.user_id,v1_0.vision_type from visions v1_0 left join users u1_0 on u1_0.id=v1_0.user_id where u1_0.username=? order by v1_0.created_at desc
Hibernate: select v1_0.id,v1_0.achieved,v1_0.created_at,v1_0.description,v1_0.progress,v1_0.status,v1_0.target_date,v1_0.title,v1_0.updated_at,v1_0.user_id,v1_0.vision_type from visions v1_0 where v1_0.id=?
Hibernate: select u1_0.id,u1_0.created_at,u1_0.email,u1_0.enabled,u1_0.password,u1_0.role,u1_0.updated_at,u1_0.username from users u1_0 where u1_0.id=?
Hibernate: select t1_0.id,t1_0.created_at,t1_0.description,t1_0.due_date,t1_0.goal_id,t1_0.priority,t1_0.progress,t1_0.status,t1_0.tags,t1_0.title,t1_0.updated_at,t1_0.user_id from tasks t1_0 where t1_0.user_id=? and (? is null or t1_0.status=?) and (? is null or t1_0.priority=?) and (? is null or t1_0.due_date=?) and (? is null or lower(t1_0.title) like lower(('%'||?||'%')) escape '' or lower(t1_0.description) like lower(('%'||?||'%')) escape '') order by t1_0.created_at desc offset ? rows fetch first ? rows only
Hibernate: select u1_0.id,u1_0.created_at,u1_0.email,u1_0.enabled,u1_0.password,u1_0.role,u1_0.updated_at,u1_0.username from users u1_0 where u1_0.id=?
Hibernate: select t1_0.id,t1_0.created_at,t1_0.description,t1_0.due_date,t1_0.goal_id,t1_0.priority,t1_0.progress,t1_0.status,t1_0.tags,t1_0.title,t1_0.updated_at,t1_0.user_id from tasks t1_0 where t1_0.user_id=? and (? is null or t1_0.status=?) and (? is null or t1_0.priority=?) and (? is null or t1_0.due_date=?) and (? is null or lower(t1_0.title) like lower(('%'||?||'%')) escape '' or lower(t1_0.description) like lower(('%'||?||'%')) escape '') order by t1_0.created_at desc offset ? rows fetch first ? rows only
2026-06-06T23:14:33.936+05:30  WARN 22946 --- [l-1 housekeeper] com.zaxxer.hikari.pool.HikariPool        : HikariPool-1 - Thread starvation or clock leap detected (housekeeper delta=2m874ms).
Hibernate: select u1_0.id,u1_0.created_at,u1_0.email,u1_0.enabled,u1_0.password,u1_0.role,u1_0.updated_at,u1_0.username from users u1_0 where u1_0.id=?
Hibernate: select h1_0.id,h1_0.best_streak,h1_0.completion_rate,h1_0.created_at,h1_0.days_active,h1_0.frequency,h1_0.health_score,h1_0.purpose,h1_0.start_date,h1_0.streak,h1_0.title,h1_0.updated_at,h1_0.user_id from habits h1_0 left join users u1_0 on u1_0.id=h1_0.user_id where u1_0.username=? order by h1_0.created_at desc
Hibernate: select l1_0.habit_id,l1_0.id,l1_0.created_at,l1_0.date,l1_0.notes,l1_0.skip_reason,l1_0.status from habit_logs l1_0 where l1_0.habit_id=?
Hibernate: select u1_0.id,u1_0.created_at,u1_0.email,u1_0.enabled,u1_0.password,u1_0.role,u1_0.updated_at,u1_0.username from users u1_0 where u1_0.id=?
Hibernate: select h1_0.id,h1_0.best_streak,h1_0.completion_rate,h1_0.created_at,h1_0.days_active,h1_0.frequency,h1_0.health_score,h1_0.purpose,h1_0.start_date,h1_0.streak,h1_0.title,h1_0.updated_at,h1_0.user_id from habits h1_0 left join users u1_0 on u1_0.id=h1_0.user_id where u1_0.username=? order by h1_0.created_at desc
Hibernate: select l1_0.habit_id,l1_0.id,l1_0.created_at,l1_0.date,l1_0.notes,l1_0.skip_reason,l1_0.status from habit_logs l1_0 where l1_0.habit_id=?
Hibernate: select u1_0.id,u1_0.created_at,u1_0.email,u1_0.enabled,u1_0.password,u1_0.role,u1_0.updated_at,u1_0.username from users u1_0 where u1_0.id=?
Hibernate: select n1_0.id,n1_0.content,n1_0.created_at,n1_0.title,n1_0.updated_at,n1_0.user_id from notes n1_0 left join users u1_0 on u1_0.id=n1_0.user_id where u1_0.username=? order by n1_0.created_at desc
Hibernate: select u1_0.id,u1_0.created_at,u1_0.email,u1_0.enabled,u1_0.password,u1_0.role,u1_0.updated_at,u1_0.username from users u1_0 where u1_0.id=?
Hibernate: select n1_0.id,n1_0.content,n1_0.created_at,n1_0.title,n1_0.updated_at,n1_0.user_id from notes n1_0 left join users u1_0 on u1_0.id=n1_0.user_id where u1_0.username=? order by n1_0.created_at desc
Hibernate: select u1_0.id,u1_0.created_at,u1_0.email,u1_0.enabled,u1_0.password,u1_0.role,u1_0.updated_at,u1_0.username from users u1_0 where u1_0.id=?
Hibernate: select h1_0.id,h1_0.best_streak,h1_0.completion_rate,h1_0.created_at,h1_0.days_active,h1_0.frequency,h1_0.health_score,h1_0.purpose,h1_0.start_date,h1_0.streak,h1_0.title,h1_0.updated_at,h1_0.user_id from habits h1_0 left join users u1_0 on u1_0.id=h1_0.user_id where u1_0.username=? order by h1_0.created_at desc
Hibernate: select l1_0.habit_id,l1_0.id,l1_0.created_at,l1_0.date,l1_0.notes,l1_0.skip_reason,l1_0.status from habit_logs l1_0 where l1_0.habit_id=?
Hibernate: select u1_0.id,u1_0.created_at,u1_0.email,u1_0.enabled,u1_0.password,u1_0.role,u1_0.updated_at,u1_0.username from users u1_0 where u1_0.id=?
Hibernate: select h1_0.id,h1_0.best_streak,h1_0.completion_rate,h1_0.created_at,h1_0.days_active,h1_0.frequency,h1_0.health_score,h1_0.purpose,h1_0.start_date,h1_0.streak,h1_0.title,h1_0.updated_at,h1_0.user_id from habits h1_0 left join users u1_0 on u1_0.id=h1_0.user_id where u1_0.username=? order by h1_0.created_at desc
Hibernate: select l1_0.habit_id,l1_0.id,l1_0.created_at,l1_0.date,l1_0.notes,l1_0.skip_reason,l1_0.status from habit_logs l1_0 where l1_0.habit_id=?
Hibernate: select u1_0.id,u1_0.created_at,u1_0.email,u1_0.enabled,u1_0.password,u1_0.role,u1_0.updated_at,u1_0.username from users u1_0 where u1_0.id=?
Hibernate: select u1_0.id,u1_0.created_at,u1_0.email,u1_0.enabled,u1_0.password,u1_0.role,u1_0.updated_at,u1_0.username from users u1_0 where u1_0.id=?
Hibernate: select h1_0.id,h1_0.best_streak,h1_0.completion_rate,h1_0.created_at,h1_0.days_active,h1_0.frequency,h1_0.health_score,h1_0.purpose,h1_0.start_date,h1_0.streak,h1_0.title,h1_0.updated_at,h1_0.user_id from habits h1_0 left join users u1_0 on u1_0.id=h1_0.user_id where u1_0.username=? order by h1_0.created_at desc
Hibernate: select u1_0.id,u1_0.created_at,u1_0.email,u1_0.enabled,u1_0.password,u1_0.role,u1_0.updated_at,u1_0.username from users u1_0 where u1_0.id=?
Hibernate: select l1_0.habit_id,l1_0.id,l1_0.created_at,l1_0.date,l1_0.notes,l1_0.skip_reason,l1_0.status from habit_logs l1_0 where l1_0.habit_id=?
Hibernate: select u1_0.id,u1_0.created_at,u1_0.email,u1_0.enabled,u1_0.password,u1_0.role,u1_0.updated_at,u1_0.username from users u1_0 where u1_0.id=?
Hibernate: select g1_0.id,g1_0.achieved,g1_0.created_at,g1_0.description,g1_0.goal_type,g1_0.progress,g1_0.status,g1_0.target_date,g1_0.title,g1_0.updated_at,g1_0.user_id,g1_0.vision_id from goals g1_0 left join users u1_0 on u1_0.id=g1_0.user_id where u1_0.username=? order by g1_0.created_at desc
Hibernate: select t1_0.id,t1_0.created_at,t1_0.description,t1_0.due_date,t1_0.goal_id,t1_0.priority,t1_0.progress,t1_0.status,t1_0.tags,t1_0.title,t1_0.updated_at,t1_0.user_id from tasks t1_0 where t1_0.user_id=? and (? is null or t1_0.status=?) and (? is null or t1_0.priority=?) and (? is null or t1_0.due_date=?) and (? is null or lower(t1_0.title) like lower(('%'||?||'%')) escape '' or lower(t1_0.description) like lower(('%'||?||'%')) escape '') order by t1_0.created_at desc offset ? rows fetch first ? rows only
Hibernate: select v1_0.id,v1_0.achieved,v1_0.created_at,v1_0.description,v1_0.progress,v1_0.status,v1_0.target_date,v1_0.title,v1_0.updated_at,v1_0.user_id,v1_0.vision_type from visions v1_0 where v1_0.id=?
Hibernate: select v1_0.id,v1_0.achieved,v1_0.created_at,v1_0.description,v1_0.progress,v1_0.status,v1_0.target_date,v1_0.title,v1_0.updated_at,v1_0.user_id,v1_0.vision_type from visions v1_0 left join users u1_0 on u1_0.id=v1_0.user_id where u1_0.username=? order by v1_0.created_at desc
Hibernate: select u1_0.id,u1_0.created_at,u1_0.email,u1_0.enabled,u1_0.password,u1_0.role,u1_0.updated_at,u1_0.username from users u1_0 where u1_0.id=?
Hibernate: select u1_0.id,u1_0.created_at,u1_0.email,u1_0.enabled,u1_0.password,u1_0.role,u1_0.updated_at,u1_0.username from users u1_0 where u1_0.id=?
Hibernate: select u1_0.id,u1_0.created_at,u1_0.email,u1_0.enabled,u1_0.password,u1_0.role,u1_0.updated_at,u1_0.username from users u1_0 where u1_0.id=?
Hibernate: select u1_0.id,u1_0.created_at,u1_0.email,u1_0.enabled,u1_0.password,u1_0.role,u1_0.updated_at,u1_0.username from users u1_0 where u1_0.id=?
Hibernate: select g1_0.id,g1_0.achieved,g1_0.created_at,g1_0.description,g1_0.goal_type,g1_0.progress,g1_0.status,g1_0.target_date,g1_0.title,g1_0.updated_at,g1_0.user_id,g1_0.vision_id from goals g1_0 left join users u1_0 on u1_0.id=g1_0.user_id where u1_0.username=? order by g1_0.created_at desc
Hibernate: select v1_0.id,v1_0.achieved,v1_0.created_at,v1_0.description,v1_0.progress,v1_0.status,v1_0.target_date,v1_0.title,v1_0.updated_at,v1_0.user_id,v1_0.vision_type from visions v1_0 left join users u1_0 on u1_0.id=v1_0.user_id where u1_0.username=? order by v1_0.created_at desc
Hibernate: select h1_0.id,h1_0.best_streak,h1_0.completion_rate,h1_0.created_at,h1_0.days_active,h1_0.frequency,h1_0.health_score,h1_0.purpose,h1_0.start_date,h1_0.streak,h1_0.title,h1_0.updated_at,h1_0.user_id from habits h1_0 left join users u1_0 on u1_0.id=h1_0.user_id where u1_0.username=? order by h1_0.created_at desc
Hibernate: select t1_0.id,t1_0.created_at,t1_0.description,t1_0.due_date,t1_0.goal_id,t1_0.priority,t1_0.progress,t1_0.status,t1_0.tags,t1_0.title,t1_0.updated_at,t1_0.user_id from tasks t1_0 where t1_0.user_id=? and (? is null or t1_0.status=?) and (? is null or t1_0.priority=?) and (? is null or t1_0.due_date=?) and (? is null or lower(t1_0.title) like lower(('%'||?||'%')) escape '' or lower(t1_0.description) like lower(('%'||?||'%')) escape '') order by t1_0.created_at desc offset ? rows fetch first ? rows only
Hibernate: select l1_0.habit_id,l1_0.id,l1_0.created_at,l1_0.date,l1_0.notes,l1_0.skip_reason,l1_0.status from habit_logs l1_0 where l1_0.habit_id=?
Hibernate: select v1_0.id,v1_0.achieved,v1_0.created_at,v1_0.description,v1_0.progress,v1_0.status,v1_0.target_date,v1_0.title,v1_0.updated_at,v1_0.user_id,v1_0.vision_type from visions v1_0 where v1_0.id=?
Hibernate: select u1_0.id,u1_0.created_at,u1_0.email,u1_0.enabled,u1_0.password,u1_0.role,u1_0.updated_at,u1_0.username from users u1_0 where u1_0.id=?
Hibernate: select t1_0.id,t1_0.created_at,t1_0.description,t1_0.due_date,t1_0.goal_id,t1_0.priority,t1_0.progress,t1_0.status,t1_0.tags,t1_0.title,t1_0.updated_at,t1_0.user_id from tasks t1_0 where t1_0.id=?
Hibernate: update tasks set description=?,due_date=?,goal_id=?,priority=?,progress=?,status=?,tags=?,title=?,updated_at=?,user_id=? where id=?
Hibernate: select u1_0.id,u1_0.created_at,u1_0.email,u1_0.enabled,u1_0.password,u1_0.role,u1_0.updated_at,u1_0.username from users u1_0 where u1_0.id=?
Hibernate: select t1_0.id,t1_0.created_at,t1_0.description,t1_0.due_date,t1_0.goal_id,t1_0.priority,t1_0.progress,t1_0.status,t1_0.tags,t1_0.title,t1_0.updated_at,t1_0.user_id from tasks t1_0 where t1_0.user_id=? and (? is null or t1_0.status=?) and (? is null or t1_0.priority=?) and (? is null or t1_0.due_date=?) and (? is null or lower(t1_0.title) like lower(('%'||?||'%')) escape '' or lower(t1_0.description) like lower(('%'||?||'%')) escape '') order by t1_0.created_at desc offset ? rows fetch first ? rows only
Hibernate: select u1_0.id,u1_0.created_at,u1_0.email,u1_0.enabled,u1_0.password,u1_0.role,u1_0.updated_at,u1_0.username from users u1_0 where u1_0.id=?
Hibernate: select u1_0.id,u1_0.created_at,u1_0.email,u1_0.enabled,u1_0.password,u1_0.role,u1_0.updated_at,u1_0.username from users u1_0 where u1_0.id=?
Hibernate: select u1_0.id,u1_0.created_at,u1_0.email,u1_0.enabled,u1_0.password,u1_0.role,u1_0.updated_at,u1_0.username from users u1_0 where u1_0.id=?
Hibernate: select u1_0.id,u1_0.created_at,u1_0.email,u1_0.enabled,u1_0.password,u1_0.role,u1_0.updated_at,u1_0.username from users u1_0 where u1_0.id=?
Hibernate: select g1_0.id,g1_0.achieved,g1_0.created_at,g1_0.description,g1_0.goal_type,g1_0.progress,g1_0.status,g1_0.target_date,g1_0.title,g1_0.updated_at,g1_0.user_id,g1_0.vision_id from goals g1_0 left join users u1_0 on u1_0.id=g1_0.user_id where u1_0.username=? order by g1_0.created_at desc
Hibernate: select v1_0.id,v1_0.achieved,v1_0.created_at,v1_0.description,v1_0.progress,v1_0.status,v1_0.target_date,v1_0.title,v1_0.updated_at,v1_0.user_id,v1_0.vision_type from visions v1_0 left join users u1_0 on u1_0.id=v1_0.user_id where u1_0.username=? order by v1_0.created_at desc
Hibernate: select v1_0.id,v1_0.achieved,v1_0.created_at,v1_0.description,v1_0.progress,v1_0.status,v1_0.target_date,v1_0.title,v1_0.updated_at,v1_0.user_id,v1_0.vision_type from visions v1_0 where v1_0.id=?
Hibernate: select t1_0.id,t1_0.created_at,t1_0.description,t1_0.due_date,t1_0.goal_id,t1_0.priority,t1_0.progress,t1_0.status,t1_0.tags,t1_0.title,t1_0.updated_at,t1_0.user_id from tasks t1_0 where t1_0.user_id=? and (? is null or t1_0.status=?) and (? is null or t1_0.priority=?) and (? is null or t1_0.due_date=?) and (? is null or lower(t1_0.title) like lower(('%'||?||'%')) escape '' or lower(t1_0.description) like lower(('%'||?||'%')) escape '') order by t1_0.created_at desc offset ? rows fetch first ? rows only
Hibernate: select a1_0.id,a1_0.active,a1_0.content,a1_0.created_at,a1_0.title,a1_0.updated_at from announcements a1_0 where a1_0.active order by a1_0.created_at desc
Hibernate: select u1_0.id,u1_0.created_at,u1_0.email,u1_0.enabled,u1_0.password,u1_0.role,u1_0.updated_at,u1_0.username from users u1_0 where u1_0.id=?
Hibernate: select count(t1_0.id) from tasks t1_0 left join users u1_0 on u1_0.id=t1_0.user_id where u1_0.id=?
Hibernate: select count(t1_0.id) from tasks t1_0 left join users u1_0 on u1_0.id=t1_0.user_id where u1_0.id=? and t1_0.status=?
Hibernate: select count(t1_0.id) from tasks t1_0 left join users u1_0 on u1_0.id=t1_0.user_id where u1_0.id=? and t1_0.status=?
Hibernate: select u1_0.id,u1_0.created_at,u1_0.email,u1_0.enabled,u1_0.password,u1_0.role,u1_0.updated_at,u1_0.username from users u1_0 where u1_0.id=?
Hibernate: select count(t1_0.id) from tasks t1_0 left join users u1_0 on u1_0.id=t1_0.user_id where u1_0.id=? and t1_0.status=?
Hibernate: select h1_0.id,h1_0.best_streak,h1_0.completion_rate,h1_0.created_at,h1_0.days_active,h1_0.frequency,h1_0.health_score,h1_0.purpose,h1_0.start_date,h1_0.streak,h1_0.title,h1_0.updated_at,h1_0.user_id from habits h1_0 left join users u1_0 on u1_0.id=h1_0.user_id where u1_0.username=? order by h1_0.created_at desc
Hibernate: select t1_0.id,t1_0.created_at,t1_0.description,t1_0.due_date,t1_0.goal_id,t1_0.priority,t1_0.progress,t1_0.status,t1_0.tags,t1_0.title,t1_0.updated_at,t1_0.user_id from tasks t1_0 left join users u1_0 on u1_0.id=t1_0.user_id where u1_0.id=? order by t1_0.created_at desc fetch first ? rows only
Hibernate: select l1_0.habit_id,l1_0.id,l1_0.created_at,l1_0.date,l1_0.notes,l1_0.skip_reason,l1_0.status from habit_logs l1_0 where l1_0.habit_id=?
Hibernate: select v1_0.id,v1_0.achieved,v1_0.created_at,v1_0.description,v1_0.progress,v1_0.status,v1_0.target_date,v1_0.title,v1_0.updated_at,v1_0.user_id,v1_0.vision_type from visions v1_0 left join users u1_0 on u1_0.id=v1_0.user_id where u1_0.id=? order by v1_0.created_at desc
Hibernate: select u1_0.id,u1_0.created_at,u1_0.email,u1_0.enabled,u1_0.password,u1_0.role,u1_0.updated_at,u1_0.username from users u1_0 where u1_0.id=?
Hibernate: select u1_0.id,u1_0.created_at,u1_0.email,u1_0.enabled,u1_0.password,u1_0.role,u1_0.updated_at,u1_0.username from users u1_0 where u1_0.id=?
Hibernate: select u1_0.id,u1_0.created_at,u1_0.email,u1_0.enabled,u1_0.password,u1_0.role,u1_0.updated_at,u1_0.username from users u1_0 where u1_0.id=?
Hibernate: select g1_0.id,g1_0.achieved,g1_0.created_at,g1_0.description,g1_0.goal_type,g1_0.progress,g1_0.status,g1_0.target_date,g1_0.title,g1_0.updated_at,g1_0.user_id,g1_0.vision_id from goals g1_0 left join users u1_0 on u1_0.id=g1_0.user_id where u1_0.id=?
Hibernate: select t1_0.id,t1_0.created_at,t1_0.description,t1_0.due_date,t1_0.goal_id,t1_0.priority,t1_0.progress,t1_0.status,t1_0.tags,t1_0.title,t1_0.updated_at,t1_0.user_id from tasks t1_0 where t1_0.user_id=? and (? is null or t1_0.status=?) and (? is null or t1_0.priority=?) and (? is null or t1_0.due_date=?) and (? is null or lower(t1_0.title) like lower(('%'||?||'%')) escape '' or lower(t1_0.description) like lower(('%'||?||'%')) escape '') order by t1_0.created_at desc offset ? rows fetch first ? rows only
Hibernate: select u1_0.id,u1_0.created_at,u1_0.email,u1_0.enabled,u1_0.password,u1_0.role,u1_0.updated_at,u1_0.username from users u1_0 where u1_0.id=?
Hibernate: select a1_0.id,a1_0.active,a1_0.content,a1_0.created_at,a1_0.title,a1_0.updated_at from announcements a1_0 where a1_0.active order by a1_0.created_at desc
Hibernate: select v1_0.id,v1_0.achieved,v1_0.created_at,v1_0.description,v1_0.progress,v1_0.status,v1_0.target_date,v1_0.title,v1_0.updated_at,v1_0.user_id,v1_0.vision_type from visions v1_0 left join users u1_0 on u1_0.id=v1_0.user_id where u1_0.username=? order by v1_0.created_at desc
Hibernate: select g1_0.id,g1_0.achieved,g1_0.created_at,g1_0.description,g1_0.goal_type,g1_0.progress,g1_0.status,g1_0.target_date,g1_0.title,g1_0.updated_at,g1_0.user_id,g1_0.vision_id from goals g1_0 left join users u1_0 on u1_0.id=g1_0.user_id where u1_0.username=? order by g1_0.created_at desc
Hibernate: select h1_0.id,h1_0.best_streak,h1_0.completion_rate,h1_0.created_at,h1_0.days_active,h1_0.frequency,h1_0.health_score,h1_0.purpose,h1_0.start_date,h1_0.streak,h1_0.title,h1_0.updated_at,h1_0.user_id from habits h1_0 left join users u1_0 on u1_0.id=h1_0.user_id where u1_0.id=? order by h1_0.created_at desc
Hibernate: select v1_0.id,v1_0.achieved,v1_0.created_at,v1_0.description,v1_0.progress,v1_0.status,v1_0.target_date,v1_0.title,v1_0.updated_at,v1_0.user_id,v1_0.vision_type from visions v1_0 where v1_0.id=?
Hibernate: select l1_0.habit_id,l1_0.id,l1_0.created_at,l1_0.date,l1_0.notes,l1_0.skip_reason,l1_0.status from habit_logs l1_0 where l1_0.habit_id=?
Hibernate: select count(n1_0.id) from notes n1_0 left join users u1_0 on u1_0.id=n1_0.user_id where u1_0.id=?
Hibernate: select u1_0.id,u1_0.created_at,u1_0.email,u1_0.enabled,u1_0.password,u1_0.role,u1_0.updated_at,u1_0.username from users u1_0 where u1_0.id=?
Hibernate: select count(je1_0.id) from journal_entries je1_0 left join users u1_0 on u1_0.id=je1_0.user_id where u1_0.id=?
Hibernate: select ff1_0.id,ff1_0.created_at,ff1_0.enabled_globally,ff1_0.feature_name,ff1_0.updated_at from feature_flags ff1_0
Hibernate: select h1_0.id,h1_0.best_streak,h1_0.completion_rate,h1_0.created_at,h1_0.days_active,h1_0.frequency,h1_0.health_score,h1_0.purpose,h1_0.start_date,h1_0.streak,h1_0.title,h1_0.updated_at,h1_0.user_id from habits h1_0 left join users u1_0 on u1_0.id=h1_0.user_id where u1_0.username=? order by h1_0.created_at desc
Hibernate: select l1_0.habit_id,l1_0.id,l1_0.created_at,l1_0.date,l1_0.notes,l1_0.skip_reason,l1_0.status from habit_logs l1_0 where l1_0.habit_id=?
Hibernate: select ufo1_0.id,ufo1_0.created_at,ufo1_0.enabled,ufo1_0.feature_name,ufo1_0.updated_at,ufo1_0.user_id from user_feature_overrides ufo1_0 left join users u1_0 on u1_0.id=ufo1_0.user_id where u1_0.id=?
Hibernate: select u1_0.id,u1_0.created_at,u1_0.email,u1_0.enabled,u1_0.password,u1_0.role,u1_0.updated_at,u1_0.username from users u1_0 where u1_0.id=?
Hibernate: select count(t1_0.id) from tasks t1_0 left join users u1_0 on u1_0.id=t1_0.user_id where u1_0.id=?
Hibernate: select count(t1_0.id) from tasks t1_0 left join users u1_0 on u1_0.id=t1_0.user_id where u1_0.id=? and t1_0.status=?
Hibernate: select count(t1_0.id) from tasks t1_0 left join users u1_0 on u1_0.id=t1_0.user_id where u1_0.id=? and t1_0.status=?
Hibernate: select count(t1_0.id) from tasks t1_0 left join users u1_0 on u1_0.id=t1_0.user_id where u1_0.id=? and t1_0.status=?
Hibernate: select t1_0.id,t1_0.created_at,t1_0.description,t1_0.due_date,t1_0.goal_id,t1_0.priority,t1_0.progress,t1_0.status,t1_0.tags,t1_0.title,t1_0.updated_at,t1_0.user_id from tasks t1_0 left join users u1_0 on u1_0.id=t1_0.user_id where u1_0.id=? order by t1_0.created_at desc fetch first ? rows only
Hibernate: select v1_0.id,v1_0.achieved,v1_0.created_at,v1_0.description,v1_0.progress,v1_0.status,v1_0.target_date,v1_0.title,v1_0.updated_at,v1_0.user_id,v1_0.vision_type from visions v1_0 left join users u1_0 on u1_0.id=v1_0.user_id where u1_0.id=? order by v1_0.created_at desc
Hibernate: select g1_0.id,g1_0.achieved,g1_0.created_at,g1_0.description,g1_0.goal_type,g1_0.progress,g1_0.status,g1_0.target_date,g1_0.title,g1_0.updated_at,g1_0.user_id,g1_0.vision_id from goals g1_0 left join users u1_0 on u1_0.id=g1_0.user_id where u1_0.id=?
Hibernate: select h1_0.id,h1_0.best_streak,h1_0.completion_rate,h1_0.created_at,h1_0.days_active,h1_0.frequency,h1_0.health_score,h1_0.purpose,h1_0.start_date,h1_0.streak,h1_0.title,h1_0.updated_at,h1_0.user_id from habits h1_0 left join users u1_0 on u1_0.id=h1_0.user_id where u1_0.id=? order by h1_0.created_at desc
Hibernate: select l1_0.habit_id,l1_0.id,l1_0.created_at,l1_0.date,l1_0.notes,l1_0.skip_reason,l1_0.status from habit_logs l1_0 where l1_0.habit_id=?
Hibernate: select count(n1_0.id) from notes n1_0 left join users u1_0 on u1_0.id=n1_0.user_id where u1_0.id=?
Hibernate: select count(je1_0.id) from journal_entries je1_0 left join users u1_0 on u1_0.id=je1_0.user_id where u1_0.id=?
Hibernate: select ff1_0.id,ff1_0.created_at,ff1_0.enabled_globally,ff1_0.feature_name,ff1_0.updated_at from feature_flags ff1_0
Hibernate: select ufo1_0.id,ufo1_0.created_at,ufo1_0.enabled,ufo1_0.feature_name,ufo1_0.updated_at,ufo1_0.user_id from user_feature_overrides ufo1_0 left join users u1_0 on u1_0.id=ufo1_0.user_id where u1_0.id=?
Hibernate: select u1_0.id,u1_0.created_at,u1_0.email,u1_0.enabled,u1_0.password,u1_0.role,u1_0.updated_at,u1_0.username from users u1_0 where u1_0.id=?
Hibernate: select je1_0.id,je1_0.content,je1_0.created_at,je1_0.entry_type,je1_0.mood,je1_0.title,je1_0.updated_at,je1_0.user_id from journal_entries je1_0 left join users u1_0 on u1_0.id=je1_0.user_id where u1_0.username=? order by je1_0.created_at desc
Hibernate: select u1_0.id,u1_0.created_at,u1_0.email,u1_0.enabled,u1_0.password,u1_0.role,u1_0.updated_at,u1_0.username from users u1_0 where u1_0.id=?
Hibernate: select je1_0.id,je1_0.content,je1_0.created_at,je1_0.entry_type,je1_0.mood,je1_0.title,je1_0.updated_at,je1_0.user_id from journal_entries je1_0 left join users u1_0 on u1_0.id=je1_0.user_id where u1_0.username=? order by je1_0.created_at desc
Hibernate: select u1_0.id,u1_0.created_at,u1_0.email,u1_0.enabled,u1_0.password,u1_0.role,u1_0.updated_at,u1_0.username from users u1_0 where u1_0.id=?
Hibernate: select rt1_0.id,rt1_0.expiry_date,rt1_0.token,rt1_0.user_id from refresh_tokens rt1_0 where rt1_0.token=?
